{"/home/travis/build/npmtest/node-npmtest-commonmark/test.js":{"path":"/home/travis/build/npmtest/node-npmtest-commonmark/test.js","s":{"1":2,"2":2,"3":2,"4":2,"5":2,"6":2,"7":2,"8":1,"9":2,"10":2,"11":1,"12":1,"13":1,"14":1,"15":2,"16":2,"17":2,"18":2,"19":1,"20":1,"21":2,"22":2,"23":2,"24":1,"25":1,"26":1,"27":1,"28":1,"29":1,"30":1,"31":1,"32":1,"33":1,"34":1,"35":1,"36":1,"37":1,"38":1,"39":2,"40":2,"41":1,"42":2,"43":2,"44":1,"45":2,"46":2,"47":1,"48":2,"49":2,"50":1,"51":1,"52":1,"53":1,"54":1},"b":{"1":[2,1,1,1],"2":[1,1,1,1],"3":[1,1],"4":[1,1],"5":[1,1],"6":[1,1],"7":[1,1],"8":[1,1],"9":[1,1],"10":[1,1,1],"11":[1,1],"12":[1,1],"13":[1,1],"14":[1,1],"15":[1,1],"16":[1,1],"17":[1,1]},"f":{"1":2,"2":2,"3":2,"4":2,"5":2,"6":1,"7":1,"8":1,"9":2,"10":2,"11":2,"12":2,"13":1},"fnMap":{"1":{"name":"(anonymous_1)","line":12,"loc":{"start":{"line":12,"column":1},"end":{"line":12,"column":13}}},"2":{"name":"(anonymous_2)","line":19,"loc":{"start":{"line":19,"column":5},"end":{"line":19,"column":17}}},"3":{"name":"(anonymous_3)","line":23,"loc":{"start":{"line":23,"column":24},"end":{"line":23,"column":36}}},"4":{"name":"(anonymous_4)","line":61,"loc":{"start":{"line":61,"column":5},"end":{"line":61,"column":17}}},"5":{"name":"(anonymous_5)","line":82,"loc":{"start":{"line":82,"column":5},"end":{"line":82,"column":17}}},"6":{"name":"(anonymous_6)","line":91,"loc":{"start":{"line":91,"column":77},"end":{"line":94,"column":10}}},"7":{"name":"(anonymous_7)","line":112,"loc":{"start":{"line":112,"column":83},"end":{"line":115,"column":10}},"skip":true},"8":{"name":"(anonymous_8)","line":123,"loc":{"start":{"line":123,"column":77},"end":{"line":126,"column":10}},"skip":true},"9":{"name":"(anonymous_9)","line":139,"loc":{"start":{"line":139,"column":12},"end":{"line":139,"column":40}},"skip":true},"10":{"name":"(anonymous_10)","line":147,"loc":{"start":{"line":147,"column":77},"end":{"line":150,"column":10}},"skip":true},"11":{"name":"(anonymous_11)","line":158,"loc":{"start":{"line":158,"column":83},"end":{"line":161,"column":10}},"skip":true},"12":{"name":"(anonymous_12)","line":169,"loc":{"start":{"line":169,"column":79},"end":{"line":172,"column":10}},"skip":true},"13":{"name":"(anonymous_13)","line":180,"loc":{"start":{"line":180,"column":75},"end":{"line":183,"column":10}},"skip":true}},"statementMap":{"1":{"start":{"line":12,"column":0},"end":{"line":195,"column":5}},"2":{"start":{"line":14,"column":4},"end":{"line":14,"column":14}},"3":{"start":{"line":19,"column":4},"end":{"line":56,"column":9}},"4":{"start":{"line":21,"column":8},"end":{"line":21,"column":19}},"5":{"start":{"line":23,"column":8},"end":{"line":35,"column":13}},"6":{"start":{"line":24,"column":12},"end":{"line":34,"column":13}},"7":{"start":{"line":25,"column":16},"end":{"line":28,"column":30}},"8":{"start":{"line":30,"column":16},"end":{"line":33,"column":27}},"9":{"start":{"line":37,"column":8},"end":{"line":39,"column":21}},"10":{"start":{"line":40,"column":8},"end":{"line":53,"column":9}},"11":{"start":{"line":43,"column":12},"end":{"line":46,"column":14}},"12":{"start":{"line":47,"column":12},"end":{"line":47,"column":18}},"13":{"start":{"line":50,"column":12},"end":{"line":51,"column":46}},"14":{"start":{"line":52,"column":12},"end":{"line":52,"column":18}},"15":{"start":{"line":55,"column":8},"end":{"line":55,"column":35}},"16":{"start":{"line":61,"column":4},"end":{"line":63,"column":9}},"17":{"start":{"line":62,"column":8},"end":{"line":62,"column":15}},"18":{"start":{"line":64,"column":4},"end":{"line":77,"column":5}},"19":{"start":{"line":70,"column":8},"end":{"line":70,"column":14}},"20":{"start":{"line":76,"column":8},"end":{"line":76,"column":14}},"21":{"start":{"line":82,"column":4},"end":{"line":84,"column":9}},"22":{"start":{"line":83,"column":8},"end":{"line":83,"column":15}},"23":{"start":{"line":85,"column":4},"end":{"line":194,"column":5}},"24":{"start":{"line":91,"column":8},"end":{"line":99,"column":10}},"25":{"start":{"line":98,"column":12},"end":{"line":98,"column":35}},"26":{"start":{"line":102,"column":8},"end":{"line":104,"column":63}},"27":{"start":{"line":105,"column":8},"end":{"line":105,"column":14}},"28":{"start":{"line":112,"column":8},"end":{"line":121,"column":10},"skip":true},"29":{"start":{"line":119,"column":12},"end":{"line":119,"column":55},"skip":true},"30":{"start":{"line":120,"column":12},"end":{"line":120,"column":48},"skip":true},"31":{"start":{"line":123,"column":8},"end":{"line":136,"column":10},"skip":true},"32":{"start":{"line":130,"column":12},"end":{"line":130,"column":76},"skip":true},"33":{"start":{"line":131,"column":12},"end":{"line":131,"column":73},"skip":true},"34":{"start":{"line":132,"column":12},"end":{"line":132,"column":74},"skip":true},"35":{"start":{"line":133,"column":12},"end":{"line":133,"column":79},"skip":true},"36":{"start":{"line":134,"column":12},"end":{"line":134,"column":25},"skip":true},"37":{"start":{"line":135,"column":12},"end":{"line":135,"column":45},"skip":true},"38":{"start":{"line":138,"column":8},"end":{"line":145,"column":14},"skip":true},"39":{"start":{"line":143,"column":16},"end":{"line":143,"column":29},"skip":true},"40":{"start":{"line":144,"column":16},"end":{"line":144,"column":55},"skip":true},"41":{"start":{"line":147,"column":8},"end":{"line":156,"column":10},"skip":true},"42":{"start":{"line":154,"column":12},"end":{"line":154,"column":25},"skip":true},"43":{"start":{"line":155,"column":12},"end":{"line":155,"column":45},"skip":true},"44":{"start":{"line":158,"column":8},"end":{"line":167,"column":10},"skip":true},"45":{"start":{"line":165,"column":12},"end":{"line":165,"column":25},"skip":true},"46":{"start":{"line":166,"column":12},"end":{"line":166,"column":48},"skip":true},"47":{"start":{"line":169,"column":8},"end":{"line":178,"column":10},"skip":true},"48":{"start":{"line":176,"column":12},"end":{"line":176,"column":25},"skip":true},"49":{"start":{"line":177,"column":12},"end":{"line":177,"column":46},"skip":true},"50":{"start":{"line":180,"column":8},"end":{"line":189,"column":10},"skip":true},"51":{"start":{"line":187,"column":12},"end":{"line":187,"column":94},"skip":true},"52":{"start":{"line":188,"column":12},"end":{"line":188,"column":48},"skip":true},"53":{"start":{"line":192,"column":8},"end":{"line":192,"column":35},"skip":true},"54":{"start":{"line":193,"column":8},"end":{"line":193,"column":14},"skip":true}},"branchMap":{"1":{"line":25,"type":"binary-expr","locations":[{"start":{"line":25,"column":23},"end":{"line":25,"column":62}},{"start":{"line":26,"column":20},"end":{"line":26,"column":70}},{"start":{"line":27,"column":20},"end":{"line":27,"column":71}},{"start":{"line":28,"column":20},"end":{"line":28,"column":29}}]},"2":{"line":30,"type":"binary-expr","locations":[{"start":{"line":30,"column":23},"end":{"line":30,"column":37}},{"start":{"line":31,"column":20},"end":{"line":31,"column":61}},{"start":{"line":32,"column":20},"end":{"line":32,"column":70}},{"start":{"line":33,"column":20},"end":{"line":33,"column":26}}]},"3":{"line":37,"type":"cond-expr","locations":[{"start":{"line":38,"column":14},"end":{"line":38,"column":20}},{"start":{"line":39,"column":14},"end":{"line":39,"column":20}}]},"4":{"line":40,"type":"switch","locations":[{"start":{"line":42,"column":8},"end":{"line":47,"column":18}},{"start":{"line":49,"column":8},"end":{"line":52,"column":18}}]},"5":{"line":44,"type":"binary-expr","locations":[{"start":{"line":44,"column":16},"end":{"line":44,"column":44}},{"start":{"line":44,"column":48},"end":{"line":44,"column":66}}]},"6":{"line":50,"type":"binary-expr","locations":[{"start":{"line":50,"column":21},"end":{"line":50,"column":49}},{"start":{"line":50,"column":53},"end":{"line":50,"column":72}}]},"7":{"line":64,"type":"switch","locations":[{"start":{"line":69,"column":4},"end":{"line":70,"column":14}},{"start":{"line":75,"column":4},"end":{"line":76,"column":14}}]},"8":{"line":85,"type":"switch","locations":[{"start":{"line":90,"column":4},"end":{"line":105,"column":14}},{"start":{"line":111,"column":4},"end":{"line":193,"column":14},"skip":true}]},"9":{"line":91,"type":"binary-expr","locations":[{"start":{"line":91,"column":42},"end":{"line":91,"column":73}},{"start":{"line":91,"column":77},"end":{"line":99,"column":9}}]},"10":{"line":102,"type":"binary-expr","locations":[{"start":{"line":102,"column":18},"end":{"line":102,"column":32}},{"start":{"line":103,"column":12},"end":{"line":103,"column":53}},{"start":{"line":104,"column":12},"end":{"line":104,"column":61}}]},"11":{"line":112,"type":"binary-expr","locations":[{"start":{"line":112,"column":45},"end":{"line":112,"column":79},"skip":true},{"start":{"line":112,"column":83},"end":{"line":121,"column":9},"skip":true}]},"12":{"line":123,"type":"binary-expr","locations":[{"start":{"line":123,"column":42},"end":{"line":123,"column":73},"skip":true},{"start":{"line":123,"column":77},"end":{"line":136,"column":9},"skip":true}]},"13":{"line":138,"type":"binary-expr","locations":[{"start":{"line":138,"column":48},"end":{"line":138,"column":85},"skip":true},{"start":{"line":139,"column":12},"end":{"line":145,"column":13},"skip":true}]},"14":{"line":147,"type":"binary-expr","locations":[{"start":{"line":147,"column":42},"end":{"line":147,"column":73},"skip":true},{"start":{"line":147,"column":77},"end":{"line":156,"column":9},"skip":true}]},"15":{"line":158,"type":"binary-expr","locations":[{"start":{"line":158,"column":45},"end":{"line":158,"column":79},"skip":true},{"start":{"line":158,"column":83},"end":{"line":167,"column":9},"skip":true}]},"16":{"line":169,"type":"binary-expr","locations":[{"start":{"line":169,"column":43},"end":{"line":169,"column":75},"skip":true},{"start":{"line":169,"column":79},"end":{"line":178,"column":9},"skip":true}]},"17":{"line":180,"type":"binary-expr","locations":[{"start":{"line":180,"column":41},"end":{"line":180,"column":71},"skip":true},{"start":{"line":180,"column":75},"end":{"line":189,"column":9},"skip":true}]}},"code":["/* istanbul instrument in package npmtest_commonmark */","/*jslint","    bitwise: true,","    browser: true,","    maxerr: 8,","    maxlen: 96,","    node: true,","    nomen: true,","    regexp: true,","    stupid: true","*/","(function () {","    'use strict';","    var local;","","","","    // run shared js-env code - pre-init","    (function () {","        // init local","        local = {};","        // init modeJs","        local.modeJs = (function () {","            try {","                return typeof navigator.userAgent === 'string' &&","                    typeof document.querySelector('body') === 'object' &&","                    typeof XMLHttpRequest.prototype.open === 'function' &&","                    'browser';","            } catch (errorCaughtBrowser) {","                return module.exports &&","                    typeof process.versions.node === 'string' &&","                    typeof require('http').createServer === 'function' &&","                    'node';","            }","        }());","        // init global","        local.global = local.modeJs === 'browser'","            ? window","            : global;","        switch (local.modeJs) {","        // re-init local from window.local","        case 'browser':","            local = local.global.utility2.objectSetDefault(","                local.global.utility2_rollup || local.global.local,","                local.global.utility2","            );","            break;","        // re-init local from example.js","        case 'node':","            local = (local.global.utility2_rollup || require('utility2'))","                .requireExampleJsFromReadme();","            break;","        }","        // export local","        local.global.local = local;","    }());","","","","    // run shared js-env code - function","    (function () {","        return;","    }());","    switch (local.modeJs) {","","","","    // run browser js-env code - function","    case 'browser':","        break;","","","","    // run node js-env code - function","    case 'node':","        break;","    }","","","","    // run shared js-env code - post-init","    (function () {","        return;","    }());","    switch (local.modeJs) {","","","","    // run browser js-env code - post-init","    case 'browser':","        local.testCase_browser_nullCase = local.testCase_browser_nullCase || function (","            options,","            onError","        ) {","        /*","         * this function will test browsers's null-case handling-behavior-behavior","         */","            onError(null, options);","        };","","        // run tests","        local.nop(local.modeTest &&","            document.querySelector('#testRunButton1') &&","            document.querySelector('#testRunButton1').click());","        break;","","","","    // run node js-env code - post-init","    /* istanbul ignore next */","    case 'node':","        local.testCase_buildApidoc_default = local.testCase_buildApidoc_default || function (","            options,","            onError","        ) {","        /*","         * this function will test buildApidoc's default handling-behavior-behavior","         */","            options = { modulePathList: module.paths };","            local.buildApidoc(options, onError);","        };","","        local.testCase_buildApp_default = local.testCase_buildApp_default || function (","            options,","            onError","        ) {","        /*","         * this function will test buildApp's default handling-behavior-behavior","         */","            local.testCase_buildReadme_default(options, local.onErrorThrow);","            local.testCase_buildLib_default(options, local.onErrorThrow);","            local.testCase_buildTest_default(options, local.onErrorThrow);","            local.testCase_buildCustomOrg_default(options, local.onErrorThrow);","            options = [];","            local.buildApp(options, onError);","        };","","        local.testCase_buildCustomOrg_default = local.testCase_buildCustomOrg_default ||","            function (options, onError) {","            /*","             * this function will test buildCustomOrg's default handling-behavior","             */","                options = {};","                local.buildCustomOrg(options, onError);","            };","","        local.testCase_buildLib_default = local.testCase_buildLib_default || function (","            options,","            onError","        ) {","        /*","         * this function will test buildLib's default handling-behavior","         */","            options = {};","            local.buildLib(options, onError);","        };","","        local.testCase_buildReadme_default = local.testCase_buildReadme_default || function (","            options,","            onError","        ) {","        /*","         * this function will test buildReadme's default handling-behavior-behavior","         */","            options = {};","            local.buildReadme(options, onError);","        };","","        local.testCase_buildTest_default = local.testCase_buildTest_default || function (","            options,","            onError","        ) {","        /*","         * this function will test buildTest's default handling-behavior","         */","            options = {};","            local.buildTest(options, onError);","        };","","        local.testCase_webpage_default = local.testCase_webpage_default || function (","            options,","            onError","        ) {","        /*","         * this function will test webpage's default handling-behavior","         */","            options = { modeCoverageMerge: true, url: local.serverLocalHost + '?modeTest=1' };","            local.browserTest(options, onError);","        };","","        // run test-server","        local.testRunServer(local);","        break;","    }","}());",""],"l":{"12":2,"14":2,"19":2,"21":2,"23":2,"24":2,"25":2,"30":1,"37":2,"40":2,"43":1,"47":1,"50":1,"52":1,"55":2,"61":2,"62":2,"64":2,"70":1,"76":1,"82":2,"83":2,"85":2,"91":1,"98":1,"102":1,"105":1,"112":1,"119":1,"120":1,"123":1,"130":1,"131":1,"132":1,"133":1,"134":1,"135":1,"138":1,"143":2,"144":2,"147":1,"154":2,"155":2,"158":1,"165":2,"166":2,"169":1,"176":2,"177":2,"180":1,"187":1,"188":1,"192":1,"193":1}},"/home/travis/build/npmtest/node-npmtest-commonmark/lib.npmtest_commonmark.js":{"path":"/home/travis/build/npmtest/node-npmtest-commonmark/lib.npmtest_commonmark.js","s":{"1":2,"2":2,"3":2,"4":2,"5":2,"6":2,"7":2,"8":1,"9":2,"10":2,"11":2,"12":2,"13":1,"14":1,"15":1,"16":1},"b":{"1":[2,1,1,1],"2":[1,1,1,1],"3":[1,1],"4":[2,2],"5":[1,1]},"f":{"1":2,"2":2,"3":2},"fnMap":{"1":{"name":"(anonymous_1)","line":12,"loc":{"start":{"line":12,"column":1},"end":{"line":12,"column":13}}},"2":{"name":"(anonymous_2)","line":19,"loc":{"start":{"line":19,"column":5},"end":{"line":19,"column":17}}},"3":{"name":"(anonymous_3)","line":23,"loc":{"start":{"line":23,"column":24},"end":{"line":23,"column":36}}}},"statementMap":{"1":{"start":{"line":12,"column":0},"end":{"line":53,"column":5}},"2":{"start":{"line":14,"column":4},"end":{"line":14,"column":14}},"3":{"start":{"line":19,"column":4},"end":{"line":52,"column":9}},"4":{"start":{"line":21,"column":8},"end":{"line":21,"column":19}},"5":{"start":{"line":23,"column":8},"end":{"line":35,"column":13}},"6":{"start":{"line":24,"column":12},"end":{"line":34,"column":13}},"7":{"start":{"line":25,"column":16},"end":{"line":28,"column":30}},"8":{"start":{"line":30,"column":16},"end":{"line":33,"column":27}},"9":{"start":{"line":37,"column":8},"end":{"line":39,"column":21}},"10":{"start":{"line":41,"column":8},"end":{"line":41,"column":54}},"11":{"start":{"line":43,"column":8},"end":{"line":43,"column":55}},"12":{"start":{"line":45,"column":8},"end":{"line":51,"column":9}},"13":{"start":{"line":46,"column":12},"end":{"line":46,"column":61}},"14":{"start":{"line":48,"column":12},"end":{"line":48,"column":35}},"15":{"start":{"line":49,"column":12},"end":{"line":49,"column":49}},"16":{"start":{"line":50,"column":12},"end":{"line":50,"column":43}}},"branchMap":{"1":{"line":25,"type":"binary-expr","locations":[{"start":{"line":25,"column":23},"end":{"line":25,"column":62}},{"start":{"line":26,"column":20},"end":{"line":26,"column":70}},{"start":{"line":27,"column":20},"end":{"line":27,"column":71}},{"start":{"line":28,"column":20},"end":{"line":28,"column":29}}]},"2":{"line":30,"type":"binary-expr","locations":[{"start":{"line":30,"column":23},"end":{"line":30,"column":37}},{"start":{"line":31,"column":20},"end":{"line":31,"column":61}},{"start":{"line":32,"column":20},"end":{"line":32,"column":70}},{"start":{"line":33,"column":20},"end":{"line":33,"column":26}}]},"3":{"line":37,"type":"cond-expr","locations":[{"start":{"line":38,"column":14},"end":{"line":38,"column":20}},{"start":{"line":39,"column":14},"end":{"line":39,"column":20}}]},"4":{"line":41,"type":"binary-expr","locations":[{"start":{"line":41,"column":16},"end":{"line":41,"column":44}},{"start":{"line":41,"column":48},"end":{"line":41,"column":53}}]},"5":{"line":45,"type":"if","locations":[{"start":{"line":45,"column":8},"end":{"line":45,"column":8}},{"start":{"line":45,"column":8},"end":{"line":45,"column":8}}]}},"code":["/* istanbul instrument in package npmtest_commonmark */","/*jslint","    bitwise: true,","    browser: true,","    maxerr: 8,","    maxlen: 96,","    node: true,","    nomen: true,","    regexp: true,","    stupid: true","*/","(function () {","    'use strict';","    var local;","","","","    // run shared js-env code - pre-init","    (function () {","        // init local","        local = {};","        // init modeJs","        local.modeJs = (function () {","            try {","                return typeof navigator.userAgent === 'string' &&","                    typeof document.querySelector('body') === 'object' &&","                    typeof XMLHttpRequest.prototype.open === 'function' &&","                    'browser';","            } catch (errorCaughtBrowser) {","                return module.exports &&","                    typeof process.versions.node === 'string' &&","                    typeof require('http').createServer === 'function' &&","                    'node';","            }","        }());","        // init global","        local.global = local.modeJs === 'browser'","            ? window","            : global;","        // init utility2_rollup","        local = local.global.utility2_rollup || local;","        // init lib","        local.local = local.npmtest_commonmark = local;","        // init exports","        if (local.modeJs === 'browser') {","            local.global.utility2_npmtest_commonmark = local;","        } else {","            module.exports = local;","            module.exports.__dirname = __dirname;","            module.exports.module = module;","        }","    }());","}());",""],"l":{"12":2,"14":2,"19":2,"21":2,"23":2,"24":2,"25":2,"30":1,"37":2,"41":2,"43":2,"45":2,"46":1,"48":1,"49":1,"50":1}},"/home/travis/build/npmtest/node-npmtest-commonmark/example.js":{"path":"/home/travis/build/npmtest/node-npmtest-commonmark/example.js","s":{"1":2,"2":2,"3":2,"4":2,"5":2,"6":2,"7":2,"8":1,"9":2,"10":2,"11":2,"12":2,"13":1,"14":2,"15":2,"16":2,"17":2,"18":2,"19":0,"20":2,"21":1,"22":1,"23":1,"24":1,"25":1,"26":0,"27":0,"28":1,"29":1,"30":2,"31":0,"32":0,"33":0,"34":1,"35":2,"36":2,"37":3,"38":3,"39":3,"40":3,"41":0,"42":3,"43":3,"44":3,"45":1,"46":3,"47":1,"48":1,"49":1,"50":1,"51":1,"52":1,"53":1,"54":1,"55":1,"56":1,"57":0,"58":1,"59":6,"60":6,"61":1,"62":2,"63":0,"64":2,"65":1,"66":1,"67":0,"68":0,"69":0,"70":0,"71":0,"72":0,"73":0,"74":0,"75":0,"76":0,"77":0,"78":0,"79":0,"80":0,"81":0,"82":0,"83":0},"b":{"1":[2,1,1,1],"2":[1,1,1,1],"3":[1,1],"4":[2,2],"5":[1,1],"6":[1,1],"7":[2,0],"8":[2,1,1,1,1,1],"9":[0,2,0],"10":[1,1],"11":[2,1,1],"12":[1,0],"13":[0,2],"14":[2,0,0,0,0,0,0],"15":[0,3],"16":[3,0],"17":[1,1],"18":[0,1],"19":[1,2,0,2],"20":[1,0],"21":[1,1],"22":[0,0],"23":[0,0],"24":[0,0],"25":[0,0],"26":[0,0],"27":[0,0],"28":[0,0]},"f":{"1":2,"2":2,"3":2,"4":2,"5":2,"6":2,"7":3,"8":3,"9":3,"10":1,"11":6,"12":0},"fnMap":{"1":{"name":"(anonymous_1)","line":26,"loc":{"start":{"line":26,"column":1},"end":{"line":26,"column":13}}},"2":{"name":"(anonymous_2)","line":33,"loc":{"start":{"line":33,"column":5},"end":{"line":33,"column":17}}},"3":{"name":"(anonymous_3)","line":37,"loc":{"start":{"line":37,"column":24},"end":{"line":37,"column":36}}},"4":{"name":"(anonymous_4)","line":69,"loc":{"start":{"line":69,"column":31},"end":{"line":69,"column":48}},"skip":true},"5":{"name":"(anonymous_5)","line":78,"loc":{"start":{"line":78,"column":26},"end":{"line":78,"column":45}},"skip":true},"6":{"name":"(anonymous_6)","line":123,"loc":{"start":{"line":123,"column":33},"end":{"line":123,"column":48}},"skip":true},"7":{"name":"(anonymous_7)","line":125,"loc":{"start":{"line":125,"column":27},"end":{"line":125,"column":39}},"skip":true},"8":{"name":"(anonymous_8)","line":133,"loc":{"start":{"line":133,"column":59},"end":{"line":133,"column":74}},"skip":true},"9":{"name":"(anonymous_9)","line":143,"loc":{"start":{"line":143,"column":45},"end":{"line":143,"column":62}},"skip":true},"10":{"name":"(anonymous_10)","line":144,"loc":{"start":{"line":144,"column":73},"end":{"line":144,"column":92}},"skip":true},"11":{"name":"(anonymous_11)","line":272,"loc":{"start":{"line":272,"column":51},"end":{"line":272,"column":77}},"skip":true},"12":{"name":"(anonymous_12)","line":315,"loc":{"start":{"line":315,"column":32},"end":{"line":315,"column":61}},"skip":true}},"statementMap":{"1":{"start":{"line":26,"column":0},"end":{"line":326,"column":5}},"2":{"start":{"line":28,"column":4},"end":{"line":28,"column":14}},"3":{"start":{"line":33,"column":4},"end":{"line":60,"column":9}},"4":{"start":{"line":35,"column":8},"end":{"line":35,"column":19}},"5":{"start":{"line":37,"column":8},"end":{"line":49,"column":13}},"6":{"start":{"line":38,"column":12},"end":{"line":48,"column":13}},"7":{"start":{"line":39,"column":16},"end":{"line":42,"column":30}},"8":{"start":{"line":44,"column":16},"end":{"line":47,"column":27}},"9":{"start":{"line":51,"column":8},"end":{"line":53,"column":21}},"10":{"start":{"line":55,"column":8},"end":{"line":57,"column":45}},"11":{"start":{"line":59,"column":8},"end":{"line":59,"column":35}},"12":{"start":{"line":61,"column":4},"end":{"line":325,"column":5}},"13":{"start":{"line":69,"column":8},"end":{"line":121,"column":10},"skip":true},"14":{"start":{"line":70,"column":12},"end":{"line":88,"column":13},"skip":true},"15":{"start":{"line":76,"column":16},"end":{"line":87,"column":19},"skip":true},"16":{"start":{"line":79,"column":20},"end":{"line":86,"column":21},"skip":true},"17":{"start":{"line":82,"column":24},"end":{"line":82,"column":43},"skip":true},"18":{"start":{"line":83,"column":24},"end":{"line":83,"column":30},"skip":true},"19":{"start":{"line":85,"column":24},"end":{"line":85,"column":49},"skip":true},"20":{"start":{"line":89,"column":12},"end":{"line":107,"column":13},"skip":true},"21":{"start":{"line":92,"column":16},"end":{"line":102,"column":17},"skip":true},"22":{"start":{"line":93,"column":20},"end":{"line":93,"column":86},"skip":true},"23":{"start":{"line":94,"column":20},"end":{"line":95,"column":45},"skip":true},"24":{"start":{"line":96,"column":20},"end":{"line":96,"column":42},"skip":true},"25":{"start":{"line":97,"column":20},"end":{"line":97,"column":48},"skip":true},"26":{"start":{"line":100,"column":20},"end":{"line":100,"column":85},"skip":true},"27":{"start":{"line":101,"column":20},"end":{"line":101,"column":96},"skip":true},"28":{"start":{"line":103,"column":16},"end":{"line":103,"column":22},"skip":true},"29":{"start":{"line":106,"column":16},"end":{"line":106,"column":22},"skip":true},"30":{"start":{"line":108,"column":12},"end":{"line":120,"column":13},"skip":true},"31":{"start":{"line":114,"column":16},"end":{"line":119,"column":17},"skip":true},"32":{"start":{"line":116,"column":20},"end":{"line":116,"column":78},"skip":true},"33":{"start":{"line":118,"column":20},"end":{"line":118,"column":47},"skip":true},"34":{"start":{"line":123,"column":8},"end":{"line":141,"column":11},"skip":true},"35":{"start":{"line":124,"column":12},"end":{"line":124,"column":54},"skip":true},"36":{"start":{"line":125,"column":12},"end":{"line":140,"column":14},"skip":true},"37":{"start":{"line":126,"column":16},"end":{"line":126,"column":28},"skip":true},"38":{"start":{"line":127,"column":16},"end":{"line":127,"column":69},"skip":true},"39":{"start":{"line":128,"column":16},"end":{"line":128,"column":75},"skip":true},"40":{"start":{"line":129,"column":16},"end":{"line":131,"column":17},"skip":true},"41":{"start":{"line":130,"column":20},"end":{"line":130,"column":27},"skip":true},"42":{"start":{"line":133,"column":16},"end":{"line":137,"column":36},"skip":true},"43":{"start":{"line":134,"column":20},"end":{"line":136,"column":55},"skip":true},"44":{"start":{"line":139,"column":16},"end":{"line":139,"column":57},"skip":true},"45":{"start":{"line":143,"column":8},"end":{"line":147,"column":11},"skip":true},"46":{"start":{"line":144,"column":12},"end":{"line":146,"column":15},"skip":true},"47":{"start":{"line":145,"column":16},"end":{"line":145,"column":70},"skip":true},"48":{"start":{"line":149,"column":8},"end":{"line":149,"column":31},"skip":true},"49":{"start":{"line":150,"column":8},"end":{"line":150,"column":14},"skip":true},"50":{"start":{"line":158,"column":8},"end":{"line":158,"column":31},"skip":true},"51":{"start":{"line":160,"column":8},"end":{"line":160,"column":33},"skip":true},"52":{"start":{"line":161,"column":8},"end":{"line":161,"column":37},"skip":true},"53":{"start":{"line":162,"column":8},"end":{"line":162,"column":35},"skip":true},"54":{"start":{"line":164,"column":8},"end":{"line":164,"column":50},"skip":true},"55":{"start":{"line":166,"column":8},"end":{"line":256,"column":2},"skip":true},"56":{"start":{"line":258,"column":8},"end":{"line":286,"column":9},"skip":true},"57":{"start":{"line":259,"column":12},"end":{"line":269,"column":14},"skip":true},"58":{"start":{"line":271,"column":12},"end":{"line":285,"column":19},"skip":true},"59":{"start":{"line":274,"column":20},"end":{"line":274,"column":35},"skip":true},"60":{"start":{"line":275,"column":20},"end":{"line":284,"column":21},"skip":true},"61":{"start":{"line":277,"column":24},"end":{"line":277,"column":64},"skip":true},"62":{"start":{"line":279,"column":24},"end":{"line":279,"column":40},"skip":true},"63":{"start":{"line":281,"column":24},"end":{"line":281,"column":40},"skip":true},"64":{"start":{"line":283,"column":24},"end":{"line":283,"column":39},"skip":true},"65":{"start":{"line":288,"column":8},"end":{"line":290,"column":9},"skip":true},"66":{"start":{"line":289,"column":12},"end":{"line":289,"column":18},"skip":true},"67":{"start":{"line":291,"column":8},"end":{"line":293,"column":54},"skip":true},"68":{"start":{"line":296,"column":8},"end":{"line":301,"column":37},"skip":true},"69":{"start":{"line":303,"column":8},"end":{"line":303,"column":82},"skip":true},"70":{"start":{"line":306,"column":8},"end":{"line":308,"column":9},"skip":true},"71":{"start":{"line":307,"column":12},"end":{"line":307,"column":82},"skip":true},"72":{"start":{"line":310,"column":8},"end":{"line":312,"column":9},"skip":true},"73":{"start":{"line":311,"column":12},"end":{"line":311,"column":18},"skip":true},"74":{"start":{"line":313,"column":8},"end":{"line":313,"column":54},"skip":true},"75":{"start":{"line":314,"column":8},"end":{"line":314,"column":69},"skip":true},"76":{"start":{"line":315,"column":8},"end":{"line":323,"column":36},"skip":true},"77":{"start":{"line":316,"column":12},"end":{"line":316,"column":61},"skip":true},"78":{"start":{"line":317,"column":12},"end":{"line":320,"column":13},"skip":true},"79":{"start":{"line":318,"column":16},"end":{"line":318,"column":75},"skip":true},"80":{"start":{"line":319,"column":16},"end":{"line":319,"column":23},"skip":true},"81":{"start":{"line":321,"column":12},"end":{"line":321,"column":38},"skip":true},"82":{"start":{"line":322,"column":12},"end":{"line":322,"column":27},"skip":true},"83":{"start":{"line":324,"column":8},"end":{"line":324,"column":14},"skip":true}},"branchMap":{"1":{"line":39,"type":"binary-expr","locations":[{"start":{"line":39,"column":23},"end":{"line":39,"column":62}},{"start":{"line":40,"column":20},"end":{"line":40,"column":70}},{"start":{"line":41,"column":20},"end":{"line":41,"column":71}},{"start":{"line":42,"column":20},"end":{"line":42,"column":29}}]},"2":{"line":44,"type":"binary-expr","locations":[{"start":{"line":44,"column":23},"end":{"line":44,"column":37}},{"start":{"line":45,"column":20},"end":{"line":45,"column":61}},{"start":{"line":46,"column":20},"end":{"line":46,"column":70}},{"start":{"line":47,"column":20},"end":{"line":47,"column":26}}]},"3":{"line":51,"type":"cond-expr","locations":[{"start":{"line":52,"column":14},"end":{"line":52,"column":20}},{"start":{"line":53,"column":14},"end":{"line":53,"column":20}}]},"4":{"line":55,"type":"binary-expr","locations":[{"start":{"line":55,"column":16},"end":{"line":55,"column":44}},{"start":{"line":55,"column":49},"end":{"line":57,"column":43}}]},"5":{"line":55,"type":"cond-expr","locations":[{"start":{"line":56,"column":14},"end":{"line":56,"column":54}},{"start":{"line":57,"column":14},"end":{"line":57,"column":43}}]},"6":{"line":61,"type":"switch","locations":[{"start":{"line":68,"column":4},"end":{"line":150,"column":14},"skip":true},{"start":{"line":156,"column":4},"end":{"line":324,"column":14},"skip":true}]},"7":{"line":70,"type":"if","locations":[{"start":{"line":70,"column":12},"end":{"line":70,"column":12},"skip":true},{"start":{"line":70,"column":12},"end":{"line":70,"column":12},"skip":true}]},"8":{"line":70,"type":"binary-expr","locations":[{"start":{"line":70,"column":16},"end":{"line":70,"column":22},"skip":true},{"start":{"line":70,"column":27},"end":{"line":70,"column":32},"skip":true},{"start":{"line":71,"column":20},"end":{"line":71,"column":39},"skip":true},{"start":{"line":72,"column":20},"end":{"line":72,"column":49},"skip":true},{"start":{"line":73,"column":20},"end":{"line":73,"column":58},"skip":true},{"start":{"line":74,"column":20},"end":{"line":74,"column":69},"skip":true}]},"9":{"line":79,"type":"switch","locations":[{"start":{"line":80,"column":20},"end":{"line":80,"column":33},"skip":true},{"start":{"line":81,"column":20},"end":{"line":83,"column":30},"skip":true},{"start":{"line":84,"column":20},"end":{"line":85,"column":49},"skip":true}]},"10":{"line":89,"type":"switch","locations":[{"start":{"line":90,"column":12},"end":{"line":103,"column":22},"skip":true},{"start":{"line":105,"column":12},"end":{"line":106,"column":22},"skip":true}]},"11":{"line":89,"type":"binary-expr","locations":[{"start":{"line":89,"column":20},"end":{"line":89,"column":25},"skip":true},{"start":{"line":89,"column":29},"end":{"line":89,"column":48},"skip":true},{"start":{"line":89,"column":52},"end":{"line":89,"column":74},"skip":true}]},"12":{"line":92,"type":"if","locations":[{"start":{"line":92,"column":16},"end":{"line":92,"column":16},"skip":true},{"start":{"line":92,"column":16},"end":{"line":92,"column":16},"skip":true}]},"13":{"line":108,"type":"if","locations":[{"start":{"line":108,"column":12},"end":{"line":108,"column":12},"skip":true},{"start":{"line":108,"column":12},"end":{"line":108,"column":12},"skip":true}]},"14":{"line":108,"type":"binary-expr","locations":[{"start":{"line":108,"column":16},"end":{"line":108,"column":61},"skip":true},{"start":{"line":108,"column":66},"end":{"line":108,"column":72},"skip":true},{"start":{"line":108,"column":77},"end":{"line":108,"column":82},"skip":true},{"start":{"line":109,"column":20},"end":{"line":109,"column":39},"skip":true},{"start":{"line":110,"column":20},"end":{"line":110,"column":49},"skip":true},{"start":{"line":111,"column":20},"end":{"line":111,"column":58},"skip":true},{"start":{"line":112,"column":20},"end":{"line":112,"column":68},"skip":true}]},"15":{"line":129,"type":"if","locations":[{"start":{"line":129,"column":16},"end":{"line":129,"column":16},"skip":true},{"start":{"line":129,"column":16},"end":{"line":129,"column":16},"skip":true}]},"16":{"line":134,"type":"cond-expr","locations":[{"start":{"line":135,"column":26},"end":{"line":135,"column":29},"skip":true},{"start":{"line":136,"column":26},"end":{"line":136,"column":54},"skip":true}]},"17":{"line":164,"type":"binary-expr","locations":[{"start":{"line":164,"column":27},"end":{"line":164,"column":43},"skip":true},{"start":{"line":164,"column":47},"end":{"line":164,"column":49},"skip":true}]},"18":{"line":258,"type":"if","locations":[{"start":{"line":258,"column":8},"end":{"line":258,"column":8},"skip":true},{"start":{"line":258,"column":8},"end":{"line":258,"column":8},"skip":true}]},"19":{"line":275,"type":"switch","locations":[{"start":{"line":276,"column":20},"end":{"line":277,"column":64},"skip":true},{"start":{"line":278,"column":20},"end":{"line":279,"column":40},"skip":true},{"start":{"line":280,"column":20},"end":{"line":281,"column":40},"skip":true},{"start":{"line":282,"column":20},"end":{"line":283,"column":39},"skip":true}]},"20":{"line":288,"type":"if","locations":[{"start":{"line":288,"column":8},"end":{"line":288,"column":8},"skip":true},{"start":{"line":288,"column":8},"end":{"line":288,"column":8},"skip":true}]},"21":{"line":288,"type":"binary-expr","locations":[{"start":{"line":288,"column":12},"end":{"line":288,"column":40},"skip":true},{"start":{"line":288,"column":44},"end":{"line":288,"column":67},"skip":true}]},"22":{"line":292,"type":"binary-expr","locations":[{"start":{"line":292,"column":12},"end":{"line":292,"column":50},"skip":true},{"start":{"line":293,"column":12},"end":{"line":293,"column":53},"skip":true}]},"23":{"line":297,"type":"binary-expr","locations":[{"start":{"line":297,"column":12},"end":{"line":297,"column":68},"skip":true},{"start":{"line":298,"column":12},"end":{"line":301,"column":36},"skip":true}]},"24":{"line":303,"type":"binary-expr","locations":[{"start":{"line":303,"column":43},"end":{"line":303,"column":75},"skip":true},{"start":{"line":303,"column":79},"end":{"line":303,"column":81},"skip":true}]},"25":{"line":306,"type":"if","locations":[{"start":{"line":306,"column":8},"end":{"line":306,"column":8},"skip":true},{"start":{"line":306,"column":8},"end":{"line":306,"column":8},"skip":true}]},"26":{"line":310,"type":"if","locations":[{"start":{"line":310,"column":8},"end":{"line":310,"column":8},"skip":true},{"start":{"line":310,"column":8},"end":{"line":310,"column":8},"skip":true}]},"27":{"line":313,"type":"binary-expr","locations":[{"start":{"line":313,"column":27},"end":{"line":313,"column":43},"skip":true},{"start":{"line":313,"column":47},"end":{"line":313,"column":53},"skip":true}]},"28":{"line":317,"type":"if","locations":[{"start":{"line":317,"column":12},"end":{"line":317,"column":12},"skip":true},{"start":{"line":317,"column":12},"end":{"line":317,"column":12},"skip":true}]}},"code":["/*","example.js","","quickstart example","","instruction","    1. save this script as example.js","    2. run the shell command:","        $ npm install npmtest-commonmark && PORT=8081 node example.js","    3. play with the browser-demo on http://127.0.0.1:8081","*/","","","","/* istanbul instrument in package npmtest_commonmark */","/*jslint","    bitwise: true,","    browser: true,","    maxerr: 8,","    maxlen: 96,","    node: true,","    nomen: true,","    regexp: true,","    stupid: true","*/","(function () {","    'use strict';","    var local;","","","","    // run shared js-env code - pre-init","    (function () {","        // init local","        local = {};","        // init modeJs","        local.modeJs = (function () {","            try {","                return typeof navigator.userAgent === 'string' &&","                    typeof document.querySelector('body') === 'object' &&","                    typeof XMLHttpRequest.prototype.open === 'function' &&","                    'browser';","            } catch (errorCaughtBrowser) {","                return module.exports &&","                    typeof process.versions.node === 'string' &&","                    typeof require('http').createServer === 'function' &&","                    'node';","            }","        }());","        // init global","        local.global = local.modeJs === 'browser'","            ? window","            : global;","        // init utility2_rollup","        local = local.global.utility2_rollup || (local.modeJs === 'browser'","            ? local.global.utility2_npmtest_commonmark","            : global.utility2_moduleExports);","        // export local","        local.global.local = local;","    }());","    switch (local.modeJs) {","","","","    // post-init","    // run browser js-env code - post-init","    /* istanbul ignore next */","    case 'browser':","        local.testRunBrowser = function (event) {","            if (!event || (event &&","                    event.currentTarget &&","                    event.currentTarget.className &&","                    event.currentTarget.className.includes &&","                    event.currentTarget.className.includes('onreset'))) {","                // reset output","                Array.from(","                    document.querySelectorAll('body > .resettable')","                ).forEach(function (element) {","                    switch (element.tagName) {","                    case 'INPUT':","                    case 'TEXTAREA':","                        element.value = '';","                        break;","                    default:","                        element.textContent = '';","                    }","                });","            }","            switch (event && event.currentTarget && event.currentTarget.id) {","            case 'testRunButton1':","                // show tests","                if (document.querySelector('#testReportDiv1').style.display === 'none') {","                    document.querySelector('#testReportDiv1').style.display = 'block';","                    document.querySelector('#testRunButton1').textContent =","                        'hide internal test';","                    local.modeTest = true;","                    local.testRunDefault(local);","                // hide tests","                } else {","                    document.querySelector('#testReportDiv1').style.display = 'none';","                    document.querySelector('#testRunButton1').textContent = 'run internal test';","                }","                break;","            // custom-case","            default:","                break;","            }","            if (document.querySelector('#inputTextareaEval1') && (!event || (event &&","                    event.currentTarget &&","                    event.currentTarget.className &&","                    event.currentTarget.className.includes &&","                    event.currentTarget.className.includes('oneval')))) {","                // try to eval input-code","                try {","                    /*jslint evil: true*/","                    eval(document.querySelector('#inputTextareaEval1').value);","                } catch (errorCaught) {","                    console.error(errorCaught);","                }","            }","        };","        // log stderr and stdout to #outputTextareaStdout1","        ['error', 'log'].forEach(function (key) {","            console[key + '_original'] = console[key];","            console[key] = function () {","                var element;","                console[key + '_original'].apply(console, arguments);","                element = document.querySelector('#outputTextareaStdout1');","                if (!element) {","                    return;","                }","                // append text to #outputTextareaStdout1","                element.value += Array.from(arguments).map(function (arg) {","                    return typeof arg === 'string'","                        ? arg","                        : JSON.stringify(arg, null, 4);","                }).join(' ') + '\\n';","                // scroll textarea to bottom","                element.scrollTop = element.scrollHeight;","            };","        });","        // init event-handling","        ['change', 'click', 'keyup'].forEach(function (event) {","            Array.from(document.querySelectorAll('.on' + event)).forEach(function (element) {","                element.addEventListener(event, local.testRunBrowser);","            });","        });","        // run tests","        local.testRunBrowser();","        break;","","","","    // run node js-env code - post-init","    /* istanbul ignore next */","    case 'node':","        // export local","        module.exports = local;","        // require modules","        local.fs = require('fs');","        local.http = require('http');","        local.url = require('url');","        // init assets","        local.assetsDict = local.assetsDict || {};","        /* jslint-ignore-begin */","        local.assetsDict['/assets.index.template.html'] = '\\","<!doctype html>\\n\\","<html lang=\"en\">\\n\\","<head>\\n\\","<meta charset=\"UTF-8\">\\n\\","<meta name=\"viewport\" content=\"width=device-width, initial-scale=1\">\\n\\","<title>{{env.npm_package_name}} (v{{env.npm_package_version}})</title>\\n\\","<style>\\n\\","/*csslint\\n\\","    box-sizing: false,\\n\\","    universal-selector: false\\n\\","*/\\n\\","* {\\n\\","    box-sizing: border-box;\\n\\","}\\n\\","body {\\n\\","    background: #dde;\\n\\","    font-family: Arial, Helvetica, sans-serif;\\n\\","    margin: 2rem;\\n\\","}\\n\\","body > * {\\n\\","    margin-bottom: 1rem;\\n\\","}\\n\\",".utility2FooterDiv {\\n\\","    margin-top: 20px;\\n\\","    text-align: center;\\n\\","}\\n\\","</style>\\n\\","<style>\\n\\","/*csslint\\n\\","*/\\n\\","textarea {\\n\\","    font-family: monospace;\\n\\","    height: 10rem;\\n\\","    width: 100%;\\n\\","}\\n\\","textarea[readonly] {\\n\\","    background: #ddd;\\n\\","}\\n\\","</style>\\n\\","</head>\\n\\","<body>\\n\\","<!-- utility2-comment\\n\\","<div id=\"ajaxProgressDiv1\" style=\"background: #d00; height: 2px; left: 0; margin: 0; padding: 0; position: fixed; top: 0; transition: background 0.5s, width 1.5s; width: 25%;\"></div>\\n\\","utility2-comment -->\\n\\","<h1>\\n\\","<!-- utility2-comment\\n\\","    <a\\n\\","        {{#if env.npm_package_homepage}}\\n\\","        href=\"{{env.npm_package_homepage}}\"\\n\\","        {{/if env.npm_package_homepage}}\\n\\","        target=\"_blank\"\\n\\","    >\\n\\","utility2-comment -->\\n\\","        {{env.npm_package_name}} (v{{env.npm_package_version}})\\n\\","<!-- utility2-comment\\n\\","    </a>\\n\\","utility2-comment -->\\n\\","</h1>\\n\\","<h3>{{env.npm_package_description}}</h3>\\n\\","<!-- utility2-comment\\n\\","<h4><a download href=\"assets.app.js\">download standalone app</a></h4>\\n\\","<button class=\"onclick onreset\" id=\"testRunButton1\">run internal test</button><br>\\n\\","<div id=\"testReportDiv1\" style=\"display: none;\"></div>\\n\\","utility2-comment -->\\n\\","\\n\\","\\n\\","\\n\\","<label>stderr and stdout</label>\\n\\","<textarea class=\"resettable\" id=\"outputTextareaStdout1\" readonly></textarea>\\n\\","<!-- utility2-comment\\n\\","{{#if isRollup}}\\n\\","<script src=\"assets.app.js\"></script>\\n\\","{{#unless isRollup}}\\n\\","utility2-comment -->\\n\\","<script src=\"assets.utility2.rollup.js\"></script>\\n\\","<script src=\"jsonp.utility2._stateInit?callback=window.utility2._stateInit\"></script>\\n\\","<script src=\"assets.npmtest_commonmark.rollup.js\"></script>\\n\\","<script src=\"assets.example.js\"></script>\\n\\","<script src=\"assets.test.js\"></script>\\n\\","<!-- utility2-comment\\n\\","{{/if isRollup}}\\n\\","utility2-comment -->\\n\\","<div class=\"utility2FooterDiv\">\\n\\","    [ this app was created with\\n\\","    <a href=\"https://github.com/kaizhu256/node-utility2\" target=\"_blank\">utility2</a>\\n\\","    ]\\n\\","</div>\\n\\","</body>\\n\\","</html>\\n\\","';","        /* jslint-ignore-end */","        if (local.templateRender) {","            local.assetsDict['/'] = local.templateRender(","                local.assetsDict['/assets.index.template.html'],","                {","                    env: local.objectSetDefault(local.env, {","                        npm_package_description: 'the greatest app in the world!',","                        npm_package_name: 'my-app',","                        npm_package_nameAlias: 'my_app',","                        npm_package_version: '0.0.1'","                    })","                }","            );","        } else {","            local.assetsDict['/'] = local.assetsDict['/assets.index.template.html']","                .replace((/\\{\\{env\\.(\\w+?)\\}\\}/g), function (match0, match1) {","                    // jslint-hack","                    String(match0);","                    switch (match1) {","                    case 'npm_package_description':","                        return 'the greatest app in the world!';","                    case 'npm_package_name':","                        return 'my-app';","                    case 'npm_package_nameAlias':","                        return 'my_app';","                    case 'npm_package_version':","                        return '0.0.1';","                    }","                });","        }","        // run the cli","        if (local.global.utility2_rollup || module !== require.main) {","            break;","        }","        local.assetsDict['/assets.example.js'] =","            local.assetsDict['/assets.example.js'] ||","            local.fs.readFileSync(__filename, 'utf8');","        // bug-workaround - long $npm_package_buildCustomOrg","        /* jslint-ignore-begin */","        local.assetsDict['/assets.npmtest_commonmark.rollup.js'] =","            local.assetsDict['/assets.npmtest_commonmark.rollup.js'] ||","            local.fs.readFileSync(","                local.npmtest_commonmark.__dirname + '/lib.npmtest_commonmark.js',","                'utf8'","            ).replace((/^#!/), '//');","        /* jslint-ignore-end */","        local.assetsDict['/favicon.ico'] = local.assetsDict['/favicon.ico'] || '';","        // if $npm_config_timeout_exit exists,","        // then exit this process after $npm_config_timeout_exit ms","        if (Number(process.env.npm_config_timeout_exit)) {","            setTimeout(process.exit, Number(process.env.npm_config_timeout_exit));","        }","        // start server","        if (local.global.utility2_serverHttp1) {","            break;","        }","        process.env.PORT = process.env.PORT || '8081';","        console.error('server starting on port ' + process.env.PORT);","        local.http.createServer(function (request, response) {","            request.urlParsed = local.url.parse(request.url);","            if (local.assetsDict[request.urlParsed.pathname] !== undefined) {","                response.end(local.assetsDict[request.urlParsed.pathname]);","                return;","            }","            response.statusCode = 404;","            response.end();","        }).listen(process.env.PORT);","        break;","    }","}());",""],"l":{"26":2,"28":2,"33":2,"35":2,"37":2,"38":2,"39":2,"44":1,"51":2,"55":2,"59":2,"61":2,"69":1,"70":2,"76":2,"79":2,"82":2,"83":2,"85":1,"89":2,"92":1,"93":1,"94":1,"96":1,"97":1,"100":1,"101":1,"103":1,"106":1,"108":2,"114":1,"116":1,"118":1,"123":1,"124":2,"125":2,"126":3,"127":3,"128":3,"129":3,"130":1,"133":3,"134":3,"139":3,"143":1,"144":3,"145":1,"149":1,"150":1,"158":1,"160":1,"161":1,"162":1,"164":1,"166":1,"258":1,"259":1,"271":1,"274":6,"275":6,"277":1,"279":2,"281":1,"283":2,"288":1,"289":1,"291":1,"296":1,"303":1,"306":1,"307":1,"310":1,"311":1,"313":1,"314":1,"315":1,"316":1,"317":1,"318":1,"319":1,"321":1,"322":1,"324":1}},"/home/travis/build/npmtest/node-npmtest-commonmark/node_modules/commonmark/lib/index.js":{"path":"/home/travis/build/npmtest/node-npmtest-commonmark/node_modules/commonmark/lib/index.js","s":{"1":1,"2":1,"3":1,"4":1,"5":1},"b":{},"f":{},"fnMap":{},"statementMap":{"1":{"start":{"line":14,"column":0},"end":{"line":14,"column":34}},"2":{"start":{"line":15,"column":0},"end":{"line":15,"column":40}},"3":{"start":{"line":16,"column":0},"end":{"line":16,"column":44}},"4":{"start":{"line":18,"column":0},"end":{"line":18,"column":55}},"5":{"start":{"line":19,"column":0},"end":{"line":19,"column":46}}},"branchMap":{},"code":["\"use strict\";","","// commonmark.js - CommomMark in JavaScript","// Copyright (C) 2014 John MacFarlane","// License: BSD3.","","// Basic usage:","//","// var commonmark = require('commonmark');","// var parser = new commonmark.Parser();","// var renderer = new commonmark.HtmlRenderer();","// console.log(renderer.render(parser.parse('Hello *world*')));","","module.exports.version = '0.27.0';","module.exports.Node = require('./node');","module.exports.Parser = require('./blocks');","// module.exports.HtmlRenderer = require('./html');","module.exports.HtmlRenderer = require('./render/html');","module.exports.XmlRenderer = require('./xml');",""],"l":{"14":1,"15":1,"16":1,"18":1,"19":1}},"/home/travis/build/npmtest/node-npmtest-commonmark/node_modules/commonmark/lib/node.js":{"path":"/home/travis/build/npmtest/node-npmtest-commonmark/node_modules/commonmark/lib/node.js","s":{"1":1,"2":0,"3":0,"4":0,"5":1,"6":0,"7":0,"8":1,"9":0,"10":0,"11":0,"12":0,"13":0,"14":0,"15":0,"16":0,"17":0,"18":0,"19":0,"20":0,"21":0,"22":0,"23":0,"24":0,"25":0,"26":0,"27":1,"28":0,"29":1,"30":0,"31":0,"32":0,"33":0,"34":0,"35":0,"36":0,"37":0,"38":0,"39":0,"40":0,"41":0,"42":0,"43":0,"44":0,"45":0,"46":0,"47":0,"48":0,"49":0,"50":0,"51":0,"52":1,"53":1,"54":0,"55":1,"56":0,"57":1,"58":0,"59":1,"60":0,"61":1,"62":0,"63":1,"64":0,"65":1,"66":0,"67":1,"68":0,"69":1,"70":0,"71":0,"72":1,"73":0,"74":0,"75":1,"76":0,"77":0,"78":1,"79":0,"80":0,"81":1,"82":0,"83":0,"84":1,"85":0,"86":0,"87":1,"88":0,"89":0,"90":1,"91":0,"92":0,"93":1,"94":0,"95":0,"96":1,"97":0,"98":0,"99":1,"100":0,"101":0,"102":1,"103":0,"104":0,"105":0,"106":0,"107":0,"108":0,"109":0,"110":0,"111":1,"112":0,"113":0,"114":0,"115":0,"116":0,"117":0,"118":0,"119":0,"120":1,"121":0,"122":0,"123":0,"124":0,"125":0,"126":0,"127":0,"128":0,"129":0,"130":0,"131":0,"132":1,"133":0,"134":0,"135":0,"136":0,"137":0,"138":0,"139":0,"140":0,"141":0,"142":1,"143":0,"144":0,"145":0,"146":0,"147":0,"148":0,"149":0,"150":0,"151":0,"152":1,"153":0,"154":0,"155":1},"b":{"1":[0,0,0,0,0,0,0,0,0,0,0,0,0],"2":[0,0],"3":[0,0],"4":[0,0],"5":[0,0],"6":[0,0],"7":[0,0],"8":[0,0],"9":[0,0],"10":[0,0],"11":[0,0],"12":[0,0],"13":[0,0],"14":[0,0],"15":[0,0],"16":[0,0],"17":[0,0]},"f":{"1":0,"2":0,"3":0,"4":0,"5":0,"6":0,"7":0,"8":0,"9":0,"10":0,"11":0,"12":0,"13":0,"14":0,"15":0,"16":0,"17":0,"18":0,"19":0,"20":0,"21":0,"22":0,"23":0,"24":0,"25":0,"26":0,"27":0,"28":0,"29":0,"30":0,"31":0,"32":0,"33":0,"34":0,"35":0,"36":0,"37":0,"38":0,"39":0,"40":0,"41":0},"fnMap":{"1":{"name":"isContainer","line":3,"loc":{"start":{"line":3,"column":0},"end":{"line":3,"column":27}}},"2":{"name":"(anonymous_2)","line":23,"loc":{"start":{"line":23,"column":15},"end":{"line":23,"column":40}}},"3":{"name":"(anonymous_3)","line":28,"loc":{"start":{"line":28,"column":11},"end":{"line":28,"column":21}}},"4":{"name":"(anonymous_4)","line":62,"loc":{"start":{"line":62,"column":17},"end":{"line":62,"column":32}}},"5":{"name":"(anonymous_5)","line":70,"loc":{"start":{"line":70,"column":11},"end":{"line":70,"column":41}}},"6":{"name":"(anonymous_6)","line":98,"loc":{"start":{"line":98,"column":9},"end":{"line":98,"column":21}}},"7":{"name":"(anonymous_7)","line":102,"loc":{"start":{"line":102,"column":9},"end":{"line":102,"column":20}}},"8":{"name":"(anonymous_8)","line":106,"loc":{"start":{"line":106,"column":9},"end":{"line":106,"column":20}}},"9":{"name":"(anonymous_9)","line":110,"loc":{"start":{"line":110,"column":9},"end":{"line":110,"column":20}}},"10":{"name":"(anonymous_10)","line":114,"loc":{"start":{"line":114,"column":9},"end":{"line":114,"column":20}}},"11":{"name":"(anonymous_11)","line":118,"loc":{"start":{"line":118,"column":9},"end":{"line":118,"column":20}}},"12":{"name":"(anonymous_12)","line":122,"loc":{"start":{"line":122,"column":9},"end":{"line":122,"column":20}}},"13":{"name":"(anonymous_13)","line":126,"loc":{"start":{"line":126,"column":9},"end":{"line":126,"column":20}}},"14":{"name":"(anonymous_14)","line":130,"loc":{"start":{"line":130,"column":9},"end":{"line":130,"column":20}}},"15":{"name":"(anonymous_15)","line":131,"loc":{"start":{"line":131,"column":9},"end":{"line":131,"column":21}}},"16":{"name":"(anonymous_16)","line":135,"loc":{"start":{"line":135,"column":9},"end":{"line":135,"column":20}}},"17":{"name":"(anonymous_17)","line":136,"loc":{"start":{"line":136,"column":9},"end":{"line":136,"column":21}}},"18":{"name":"(anonymous_18)","line":140,"loc":{"start":{"line":140,"column":9},"end":{"line":140,"column":20}}},"19":{"name":"(anonymous_19)","line":141,"loc":{"start":{"line":141,"column":9},"end":{"line":141,"column":21}}},"20":{"name":"(anonymous_20)","line":145,"loc":{"start":{"line":145,"column":9},"end":{"line":145,"column":20}}},"21":{"name":"(anonymous_21)","line":146,"loc":{"start":{"line":146,"column":9},"end":{"line":146,"column":21}}},"22":{"name":"(anonymous_22)","line":150,"loc":{"start":{"line":150,"column":9},"end":{"line":150,"column":20}}},"23":{"name":"(anonymous_23)","line":151,"loc":{"start":{"line":151,"column":9},"end":{"line":151,"column":21}}},"24":{"name":"(anonymous_24)","line":155,"loc":{"start":{"line":155,"column":9},"end":{"line":155,"column":20}}},"25":{"name":"(anonymous_25)","line":156,"loc":{"start":{"line":156,"column":9},"end":{"line":156,"column":21}}},"26":{"name":"(anonymous_26)","line":160,"loc":{"start":{"line":160,"column":9},"end":{"line":160,"column":20}}},"27":{"name":"(anonymous_27)","line":161,"loc":{"start":{"line":161,"column":9},"end":{"line":161,"column":21}}},"28":{"name":"(anonymous_28)","line":165,"loc":{"start":{"line":165,"column":9},"end":{"line":165,"column":20}}},"29":{"name":"(anonymous_29)","line":166,"loc":{"start":{"line":166,"column":9},"end":{"line":166,"column":21}}},"30":{"name":"(anonymous_30)","line":170,"loc":{"start":{"line":170,"column":9},"end":{"line":170,"column":20}}},"31":{"name":"(anonymous_31)","line":171,"loc":{"start":{"line":171,"column":9},"end":{"line":171,"column":25}}},"32":{"name":"(anonymous_32)","line":175,"loc":{"start":{"line":175,"column":9},"end":{"line":175,"column":20}}},"33":{"name":"(anonymous_33)","line":176,"loc":{"start":{"line":176,"column":9},"end":{"line":176,"column":21}}},"34":{"name":"(anonymous_34)","line":180,"loc":{"start":{"line":180,"column":9},"end":{"line":180,"column":20}}},"35":{"name":"(anonymous_35)","line":181,"loc":{"start":{"line":181,"column":9},"end":{"line":181,"column":21}}},"36":{"name":"(anonymous_36)","line":184,"loc":{"start":{"line":184,"column":29},"end":{"line":184,"column":45}}},"37":{"name":"(anonymous_37)","line":197,"loc":{"start":{"line":197,"column":30},"end":{"line":197,"column":46}}},"38":{"name":"(anonymous_38)","line":210,"loc":{"start":{"line":210,"column":24},"end":{"line":210,"column":35}}},"39":{"name":"(anonymous_39)","line":226,"loc":{"start":{"line":226,"column":29},"end":{"line":226,"column":47}}},"40":{"name":"(anonymous_40)","line":240,"loc":{"start":{"line":240,"column":30},"end":{"line":240,"column":48}}},"41":{"name":"(anonymous_41)","line":254,"loc":{"start":{"line":254,"column":24},"end":{"line":254,"column":35}}}},"statementMap":{"1":{"start":{"line":3,"column":0},"end":{"line":21,"column":1}},"2":{"start":{"line":4,"column":4},"end":{"line":20,"column":5}},"3":{"start":{"line":17,"column":8},"end":{"line":17,"column":20}},"4":{"start":{"line":19,"column":8},"end":{"line":19,"column":21}},"5":{"start":{"line":23,"column":0},"end":{"line":26,"column":2}},"6":{"start":{"line":24,"column":4},"end":{"line":24,"column":24}},"7":{"start":{"line":25,"column":4},"end":{"line":25,"column":40}},"8":{"start":{"line":28,"column":0},"end":{"line":60,"column":2}},"9":{"start":{"line":29,"column":4},"end":{"line":29,"column":27}},"10":{"start":{"line":30,"column":4},"end":{"line":30,"column":33}},"11":{"start":{"line":32,"column":4},"end":{"line":34,"column":5}},"12":{"start":{"line":33,"column":8},"end":{"line":33,"column":20}},"13":{"start":{"line":36,"column":4},"end":{"line":36,"column":37}},"14":{"start":{"line":38,"column":4},"end":{"line":57,"column":5}},"15":{"start":{"line":39,"column":8},"end":{"line":45,"column":9}},"16":{"start":{"line":40,"column":12},"end":{"line":40,"column":43}},"17":{"start":{"line":41,"column":12},"end":{"line":41,"column":33}},"18":{"start":{"line":44,"column":12},"end":{"line":44,"column":34}},"19":{"start":{"line":47,"column":11},"end":{"line":57,"column":5}},"20":{"start":{"line":48,"column":8},"end":{"line":48,"column":28}},"21":{"start":{"line":50,"column":11},"end":{"line":57,"column":5}},"22":{"start":{"line":51,"column":8},"end":{"line":51,"column":35}},"23":{"start":{"line":52,"column":8},"end":{"line":52,"column":30}},"24":{"start":{"line":55,"column":8},"end":{"line":55,"column":33}},"25":{"start":{"line":56,"column":8},"end":{"line":56,"column":29}},"26":{"start":{"line":59,"column":4},"end":{"line":59,"column":43}},"27":{"start":{"line":62,"column":0},"end":{"line":68,"column":2}},"28":{"start":{"line":63,"column":4},"end":{"line":67,"column":34}},"29":{"start":{"line":70,"column":0},"end":{"line":93,"column":2}},"30":{"start":{"line":71,"column":4},"end":{"line":71,"column":26}},"31":{"start":{"line":72,"column":4},"end":{"line":72,"column":24}},"32":{"start":{"line":73,"column":4},"end":{"line":73,"column":28}},"33":{"start":{"line":74,"column":4},"end":{"line":74,"column":27}},"34":{"start":{"line":75,"column":4},"end":{"line":75,"column":22}},"35":{"start":{"line":76,"column":4},"end":{"line":76,"column":22}},"36":{"start":{"line":77,"column":4},"end":{"line":77,"column":32}},"37":{"start":{"line":78,"column":4},"end":{"line":78,"column":32}},"38":{"start":{"line":79,"column":4},"end":{"line":79,"column":22}},"39":{"start":{"line":80,"column":4},"end":{"line":80,"column":32}},"40":{"start":{"line":81,"column":4},"end":{"line":81,"column":25}},"41":{"start":{"line":82,"column":4},"end":{"line":82,"column":24}},"42":{"start":{"line":83,"column":4},"end":{"line":83,"column":22}},"43":{"start":{"line":84,"column":4},"end":{"line":84,"column":29}},"44":{"start":{"line":85,"column":4},"end":{"line":85,"column":23}},"45":{"start":{"line":86,"column":4},"end":{"line":86,"column":27}},"46":{"start":{"line":87,"column":4},"end":{"line":87,"column":27}},"47":{"start":{"line":88,"column":4},"end":{"line":88,"column":26}},"48":{"start":{"line":89,"column":4},"end":{"line":89,"column":29}},"49":{"start":{"line":90,"column":4},"end":{"line":90,"column":23}},"50":{"start":{"line":91,"column":4},"end":{"line":91,"column":25}},"51":{"start":{"line":92,"column":4},"end":{"line":92,"column":24}},"52":{"start":{"line":95,"column":0},"end":{"line":95,"column":27}},"53":{"start":{"line":97,"column":0},"end":{"line":99,"column":3}},"54":{"start":{"line":98,"column":23},"end":{"line":98,"column":48}},"55":{"start":{"line":101,"column":0},"end":{"line":103,"column":3}},"56":{"start":{"line":102,"column":22},"end":{"line":102,"column":40}},"57":{"start":{"line":105,"column":0},"end":{"line":107,"column":3}},"58":{"start":{"line":106,"column":22},"end":{"line":106,"column":46}},"59":{"start":{"line":109,"column":0},"end":{"line":111,"column":3}},"60":{"start":{"line":110,"column":22},"end":{"line":110,"column":45}},"61":{"start":{"line":113,"column":0},"end":{"line":115,"column":3}},"62":{"start":{"line":114,"column":22},"end":{"line":114,"column":40}},"63":{"start":{"line":117,"column":0},"end":{"line":119,"column":3}},"64":{"start":{"line":118,"column":22},"end":{"line":118,"column":40}},"65":{"start":{"line":121,"column":0},"end":{"line":123,"column":3}},"66":{"start":{"line":122,"column":22},"end":{"line":122,"column":42}},"67":{"start":{"line":125,"column":0},"end":{"line":127,"column":3}},"68":{"start":{"line":126,"column":22},"end":{"line":126,"column":45}},"69":{"start":{"line":129,"column":0},"end":{"line":132,"column":3}},"70":{"start":{"line":130,"column":22},"end":{"line":130,"column":43}},"71":{"start":{"line":131,"column":23},"end":{"line":131,"column":41}},"72":{"start":{"line":134,"column":0},"end":{"line":137,"column":3}},"73":{"start":{"line":135,"column":22},"end":{"line":135,"column":47}},"74":{"start":{"line":136,"column":23},"end":{"line":136,"column":45}},"75":{"start":{"line":139,"column":0},"end":{"line":142,"column":3}},"76":{"start":{"line":140,"column":22},"end":{"line":140,"column":41}},"77":{"start":{"line":141,"column":23},"end":{"line":141,"column":39}},"78":{"start":{"line":144,"column":0},"end":{"line":147,"column":3}},"79":{"start":{"line":145,"column":22},"end":{"line":145,"column":40}},"80":{"start":{"line":146,"column":23},"end":{"line":146,"column":38}},"81":{"start":{"line":149,"column":0},"end":{"line":152,"column":3}},"82":{"start":{"line":150,"column":22},"end":{"line":150,"column":41}},"83":{"start":{"line":151,"column":23},"end":{"line":151,"column":39}},"84":{"start":{"line":154,"column":0},"end":{"line":157,"column":3}},"85":{"start":{"line":155,"column":22},"end":{"line":155,"column":49}},"86":{"start":{"line":156,"column":23},"end":{"line":156,"column":47}},"87":{"start":{"line":159,"column":0},"end":{"line":162,"column":3}},"88":{"start":{"line":160,"column":22},"end":{"line":160,"column":50}},"89":{"start":{"line":161,"column":23},"end":{"line":161,"column":48}},"90":{"start":{"line":164,"column":0},"end":{"line":167,"column":3}},"91":{"start":{"line":165,"column":22},"end":{"line":165,"column":50}},"92":{"start":{"line":166,"column":23},"end":{"line":166,"column":48}},"93":{"start":{"line":169,"column":0},"end":{"line":172,"column":3}},"94":{"start":{"line":170,"column":22},"end":{"line":170,"column":54}},"95":{"start":{"line":171,"column":27},"end":{"line":171,"column":60}},"96":{"start":{"line":174,"column":0},"end":{"line":177,"column":3}},"97":{"start":{"line":175,"column":22},"end":{"line":175,"column":43}},"98":{"start":{"line":176,"column":23},"end":{"line":176,"column":41}},"99":{"start":{"line":179,"column":0},"end":{"line":182,"column":3}},"100":{"start":{"line":180,"column":22},"end":{"line":180,"column":42}},"101":{"start":{"line":181,"column":23},"end":{"line":181,"column":40}},"102":{"start":{"line":184,"column":0},"end":{"line":195,"column":2}},"103":{"start":{"line":185,"column":4},"end":{"line":185,"column":19}},"104":{"start":{"line":186,"column":4},"end":{"line":186,"column":25}},"105":{"start":{"line":187,"column":4},"end":{"line":194,"column":5}},"106":{"start":{"line":188,"column":8},"end":{"line":188,"column":38}},"107":{"start":{"line":189,"column":8},"end":{"line":189,"column":38}},"108":{"start":{"line":190,"column":8},"end":{"line":190,"column":32}},"109":{"start":{"line":192,"column":8},"end":{"line":192,"column":33}},"110":{"start":{"line":193,"column":8},"end":{"line":193,"column":32}},"111":{"start":{"line":197,"column":0},"end":{"line":208,"column":2}},"112":{"start":{"line":198,"column":4},"end":{"line":198,"column":19}},"113":{"start":{"line":199,"column":4},"end":{"line":199,"column":25}},"114":{"start":{"line":200,"column":4},"end":{"line":207,"column":5}},"115":{"start":{"line":201,"column":8},"end":{"line":201,"column":39}},"116":{"start":{"line":202,"column":8},"end":{"line":202,"column":39}},"117":{"start":{"line":203,"column":8},"end":{"line":203,"column":33}},"118":{"start":{"line":205,"column":8},"end":{"line":205,"column":33}},"119":{"start":{"line":206,"column":8},"end":{"line":206,"column":32}},"120":{"start":{"line":210,"column":0},"end":{"line":224,"column":2}},"121":{"start":{"line":211,"column":4},"end":{"line":215,"column":5}},"122":{"start":{"line":212,"column":8},"end":{"line":212,"column":38}},"123":{"start":{"line":213,"column":11},"end":{"line":215,"column":5}},"124":{"start":{"line":214,"column":8},"end":{"line":214,"column":46}},"125":{"start":{"line":216,"column":4},"end":{"line":220,"column":5}},"126":{"start":{"line":217,"column":8},"end":{"line":217,"column":38}},"127":{"start":{"line":218,"column":11},"end":{"line":220,"column":5}},"128":{"start":{"line":219,"column":8},"end":{"line":219,"column":45}},"129":{"start":{"line":221,"column":4},"end":{"line":221,"column":24}},"130":{"start":{"line":222,"column":4},"end":{"line":222,"column":22}},"131":{"start":{"line":223,"column":4},"end":{"line":223,"column":22}},"132":{"start":{"line":226,"column":0},"end":{"line":238,"column":2}},"133":{"start":{"line":227,"column":4},"end":{"line":227,"column":21}},"134":{"start":{"line":228,"column":4},"end":{"line":228,"column":31}},"135":{"start":{"line":229,"column":4},"end":{"line":231,"column":5}},"136":{"start":{"line":230,"column":8},"end":{"line":230,"column":38}},"137":{"start":{"line":232,"column":4},"end":{"line":232,"column":25}},"138":{"start":{"line":233,"column":4},"end":{"line":233,"column":25}},"139":{"start":{"line":234,"column":4},"end":{"line":234,"column":35}},"140":{"start":{"line":235,"column":4},"end":{"line":237,"column":5}},"141":{"start":{"line":236,"column":8},"end":{"line":236,"column":45}},"142":{"start":{"line":240,"column":0},"end":{"line":252,"column":2}},"143":{"start":{"line":241,"column":4},"end":{"line":241,"column":21}},"144":{"start":{"line":242,"column":4},"end":{"line":242,"column":31}},"145":{"start":{"line":243,"column":4},"end":{"line":245,"column":5}},"146":{"start":{"line":244,"column":8},"end":{"line":244,"column":38}},"147":{"start":{"line":246,"column":4},"end":{"line":246,"column":25}},"148":{"start":{"line":247,"column":4},"end":{"line":247,"column":25}},"149":{"start":{"line":248,"column":4},"end":{"line":248,"column":35}},"150":{"start":{"line":249,"column":4},"end":{"line":251,"column":5}},"151":{"start":{"line":250,"column":8},"end":{"line":250,"column":46}},"152":{"start":{"line":254,"column":0},"end":{"line":257,"column":2}},"153":{"start":{"line":255,"column":4},"end":{"line":255,"column":38}},"154":{"start":{"line":256,"column":4},"end":{"line":256,"column":18}},"155":{"start":{"line":259,"column":0},"end":{"line":259,"column":22}}},"branchMap":{"1":{"line":4,"type":"switch","locations":[{"start":{"line":5,"column":4},"end":{"line":5,"column":20}},{"start":{"line":6,"column":4},"end":{"line":6,"column":23}},{"start":{"line":7,"column":4},"end":{"line":7,"column":16}},{"start":{"line":8,"column":4},"end":{"line":8,"column":16}},{"start":{"line":9,"column":4},"end":{"line":9,"column":21}},{"start":{"line":10,"column":4},"end":{"line":10,"column":19}},{"start":{"line":11,"column":4},"end":{"line":11,"column":16}},{"start":{"line":12,"column":4},"end":{"line":12,"column":18}},{"start":{"line":13,"column":4},"end":{"line":13,"column":16}},{"start":{"line":14,"column":4},"end":{"line":14,"column":17}},{"start":{"line":15,"column":4},"end":{"line":15,"column":25}},{"start":{"line":16,"column":4},"end":{"line":17,"column":20}},{"start":{"line":18,"column":4},"end":{"line":19,"column":21}}]},"2":{"line":32,"type":"if","locations":[{"start":{"line":32,"column":4},"end":{"line":32,"column":4}},{"start":{"line":32,"column":4},"end":{"line":32,"column":4}}]},"3":{"line":38,"type":"if","locations":[{"start":{"line":38,"column":4},"end":{"line":38,"column":4}},{"start":{"line":38,"column":4},"end":{"line":38,"column":4}}]},"4":{"line":38,"type":"binary-expr","locations":[{"start":{"line":38,"column":8},"end":{"line":38,"column":16}},{"start":{"line":38,"column":20},"end":{"line":38,"column":29}}]},"5":{"line":39,"type":"if","locations":[{"start":{"line":39,"column":8},"end":{"line":39,"column":8}},{"start":{"line":39,"column":8},"end":{"line":39,"column":8}}]},"6":{"line":47,"type":"if","locations":[{"start":{"line":47,"column":11},"end":{"line":47,"column":11}},{"start":{"line":47,"column":11},"end":{"line":47,"column":11}}]},"7":{"line":50,"type":"if","locations":[{"start":{"line":50,"column":11},"end":{"line":50,"column":11}},{"start":{"line":50,"column":11},"end":{"line":50,"column":11}}]},"8":{"line":187,"type":"if","locations":[{"start":{"line":187,"column":4},"end":{"line":187,"column":4}},{"start":{"line":187,"column":4},"end":{"line":187,"column":4}}]},"9":{"line":200,"type":"if","locations":[{"start":{"line":200,"column":4},"end":{"line":200,"column":4}},{"start":{"line":200,"column":4},"end":{"line":200,"column":4}}]},"10":{"line":211,"type":"if","locations":[{"start":{"line":211,"column":4},"end":{"line":211,"column":4}},{"start":{"line":211,"column":4},"end":{"line":211,"column":4}}]},"11":{"line":213,"type":"if","locations":[{"start":{"line":213,"column":11},"end":{"line":213,"column":11}},{"start":{"line":213,"column":11},"end":{"line":213,"column":11}}]},"12":{"line":216,"type":"if","locations":[{"start":{"line":216,"column":4},"end":{"line":216,"column":4}},{"start":{"line":216,"column":4},"end":{"line":216,"column":4}}]},"13":{"line":218,"type":"if","locations":[{"start":{"line":218,"column":11},"end":{"line":218,"column":11}},{"start":{"line":218,"column":11},"end":{"line":218,"column":11}}]},"14":{"line":229,"type":"if","locations":[{"start":{"line":229,"column":4},"end":{"line":229,"column":4}},{"start":{"line":229,"column":4},"end":{"line":229,"column":4}}]},"15":{"line":235,"type":"if","locations":[{"start":{"line":235,"column":4},"end":{"line":235,"column":4}},{"start":{"line":235,"column":4},"end":{"line":235,"column":4}}]},"16":{"line":243,"type":"if","locations":[{"start":{"line":243,"column":4},"end":{"line":243,"column":4}},{"start":{"line":243,"column":4},"end":{"line":243,"column":4}}]},"17":{"line":249,"type":"if","locations":[{"start":{"line":249,"column":4},"end":{"line":249,"column":4}},{"start":{"line":249,"column":4},"end":{"line":249,"column":4}}]}},"code":["\"use strict\";","","function isContainer(node) {","    switch (node._type) {","    case 'document':","    case 'block_quote':","    case 'list':","    case 'item':","    case 'paragraph':","    case 'heading':","    case 'emph':","    case 'strong':","    case 'link':","    case 'image':","    case 'custom_inline':","    case 'custom_block':","        return true;","    default:","        return false;","    }","}","","var resumeAt = function(node, entering) {","    this.current = node;","    this.entering = (entering === true);","};","","var next = function(){","    var cur = this.current;","    var entering = this.entering;","","    if (cur === null) {","        return null;","    }","","    var container = isContainer(cur);","","    if (entering && container) {","        if (cur._firstChild) {","            this.current = cur._firstChild;","            this.entering = true;","        } else {","            // stay on node but exit","            this.entering = false;","        }","","    } else if (cur === this.root) {","        this.current = null;","","    } else if (cur._next === null) {","        this.current = cur._parent;","        this.entering = false;","","    } else {","        this.current = cur._next;","        this.entering = true;","    }","","    return {entering: entering, node: cur};","};","","var NodeWalker = function(root) {","    return { current: root,","             root: root,","             entering: true,","             next: next,","             resumeAt: resumeAt };","};","","var Node = function(nodeType, sourcepos) {","    this._type = nodeType;","    this._parent = null;","    this._firstChild = null;","    this._lastChild = null;","    this._prev = null;","    this._next = null;","    this._sourcepos = sourcepos;","    this._lastLineBlank = false;","    this._open = true;","    this._string_content = null;","    this._literal = null;","    this._listData = {};","    this._info = null;","    this._destination = null;","    this._title = null;","    this._isFenced = false;","    this._fenceChar = null;","    this._fenceLength = 0;","    this._fenceOffset = null;","    this._level = null;","    this._onEnter = null;","    this._onExit = null;","};","","var proto = Node.prototype;","","Object.defineProperty(proto, 'isContainer', {","    get: function () { return isContainer(this); }","});","","Object.defineProperty(proto, 'type', {","    get: function() { return this._type; }","});","","Object.defineProperty(proto, 'firstChild', {","    get: function() { return this._firstChild; }","});","","Object.defineProperty(proto, 'lastChild', {","    get: function() { return this._lastChild; }","});","","Object.defineProperty(proto, 'next', {","    get: function() { return this._next; }","});","","Object.defineProperty(proto, 'prev', {","    get: function() { return this._prev; }","});","","Object.defineProperty(proto, 'parent', {","    get: function() { return this._parent; }","});","","Object.defineProperty(proto, 'sourcepos', {","    get: function() { return this._sourcepos; }","});","","Object.defineProperty(proto, 'literal', {","    get: function() { return this._literal; },","    set: function(s) { this._literal = s; }","});","","Object.defineProperty(proto, 'destination', {","    get: function() { return this._destination; },","    set: function(s) { this._destination = s; }","});","","Object.defineProperty(proto, 'title', {","    get: function() { return this._title; },","    set: function(s) { this._title = s; }","});","","Object.defineProperty(proto, 'info', {","    get: function() { return this._info; },","    set: function(s) { this._info = s; }","});","","Object.defineProperty(proto, 'level', {","    get: function() { return this._level; },","    set: function(s) { this._level = s; }","});","","Object.defineProperty(proto, 'listType', {","    get: function() { return this._listData.type; },","    set: function(t) { this._listData.type = t; }","});","","Object.defineProperty(proto, 'listTight', {","    get: function() { return this._listData.tight; },","    set: function(t) { this._listData.tight = t; }","});","","Object.defineProperty(proto, 'listStart', {","    get: function() { return this._listData.start; },","    set: function(n) { this._listData.start = n; }","});","","Object.defineProperty(proto, 'listDelimiter', {","    get: function() { return this._listData.delimiter; },","    set: function(delim) { this._listData.delimiter = delim; }","});","","Object.defineProperty(proto, 'onEnter', {","    get: function() { return this._onEnter; },","    set: function(s) { this._onEnter = s; }","});","","Object.defineProperty(proto, 'onExit', {","    get: function() { return this._onExit; },","    set: function(s) { this._onExit = s; }","});","","Node.prototype.appendChild = function(child) {","    child.unlink();","    child._parent = this;","    if (this._lastChild) {","        this._lastChild._next = child;","        child._prev = this._lastChild;","        this._lastChild = child;","    } else {","        this._firstChild = child;","        this._lastChild = child;","    }","};","","Node.prototype.prependChild = function(child) {","    child.unlink();","    child._parent = this;","    if (this._firstChild) {","        this._firstChild._prev = child;","        child._next = this._firstChild;","        this._firstChild = child;","    } else {","        this._firstChild = child;","        this._lastChild = child;","    }","};","","Node.prototype.unlink = function() {","    if (this._prev) {","        this._prev._next = this._next;","    } else if (this._parent) {","        this._parent._firstChild = this._next;","    }","    if (this._next) {","        this._next._prev = this._prev;","    } else if (this._parent) {","        this._parent._lastChild = this._prev;","    }","    this._parent = null;","    this._next = null;","    this._prev = null;","};","","Node.prototype.insertAfter = function(sibling) {","    sibling.unlink();","    sibling._next = this._next;","    if (sibling._next) {","        sibling._next._prev = sibling;","    }","    sibling._prev = this;","    this._next = sibling;","    sibling._parent = this._parent;","    if (!sibling._next) {","        sibling._parent._lastChild = sibling;","    }","};","","Node.prototype.insertBefore = function(sibling) {","    sibling.unlink();","    sibling._prev = this._prev;","    if (sibling._prev) {","        sibling._prev._next = sibling;","    }","    sibling._next = this;","    this._prev = sibling;","    sibling._parent = this._parent;","    if (!sibling._prev) {","        sibling._parent._firstChild = sibling;","    }","};","","Node.prototype.walker = function() {","    var walker = new NodeWalker(this);","    return walker;","};","","module.exports = Node;","","","/* Example of use of walker:",""," var walker = w.walker();"," var event;",""," while (event = walker.next()) {"," console.log(event.entering, event.node.type);"," }",""," */",""],"l":{"3":1,"4":0,"17":0,"19":0,"23":1,"24":0,"25":0,"28":1,"29":0,"30":0,"32":0,"33":0,"36":0,"38":0,"39":0,"40":0,"41":0,"44":0,"47":0,"48":0,"50":0,"51":0,"52":0,"55":0,"56":0,"59":0,"62":1,"63":0,"70":1,"71":0,"72":0,"73":0,"74":0,"75":0,"76":0,"77":0,"78":0,"79":0,"80":0,"81":0,"82":0,"83":0,"84":0,"85":0,"86":0,"87":0,"88":0,"89":0,"90":0,"91":0,"92":0,"95":1,"97":1,"98":0,"101":1,"102":0,"105":1,"106":0,"109":1,"110":0,"113":1,"114":0,"117":1,"118":0,"121":1,"122":0,"125":1,"126":0,"129":1,"130":0,"131":0,"134":1,"135":0,"136":0,"139":1,"140":0,"141":0,"144":1,"145":0,"146":0,"149":1,"150":0,"151":0,"154":1,"155":0,"156":0,"159":1,"160":0,"161":0,"164":1,"165":0,"166":0,"169":1,"170":0,"171":0,"174":1,"175":0,"176":0,"179":1,"180":0,"181":0,"184":1,"185":0,"186":0,"187":0,"188":0,"189":0,"190":0,"1
[...]
},"158":{"start":{"line":259,"column":12},"end":{"line":259,"column":17}},"159":{"start":{"line":260,"column":12},"end":{"line":260,"column":40}},"160":{"start":{"line":261,"column":12},"end":{"line":261,"column":17}},"161":{"start":{"line":262,"column":12},"end":{"line":262,"column":18}},"162":{"start":{"line":265,"column":12},"end":{"line":265,"column":51}},"163":{"start":{"line":269,"column":4},"end":{"line":269,"column":55}},"164":{"start":{"line":269,"column":24},"end":{"line":269,"column":53}},"165":{"start":{"line":270,"column":4},"end":{"line":270,"column":18}},"166":{"start":{"line":274,"column":0},"end":{"line":284,"column":1}},"167":{"start":{"line":275,"column":4},"end":{"line":283,"column":6}},"168":{"start":{"line":286,"column":0},"end":{"line":286,"column":30}}},"branchMap":{"1":{"line":8,"type":"if","locations":[{"start":{"line":8,"column":4},"end":{"line":8,"column":4}},{"start":{"line":8,"column":4},"end":{"line":8,"column":4}}]},"2":{"line":8,"type":"binary-expr","locations":[{"start":{"line":8,"column":8},"end":{"line":8,"column":13}},{"start":{"line":8,"column":17},"end":{"line":8,"column":33}}]},"3":{"line":16,"type":"if","locations":[{"start":{"line":16,"column":4},"end":{"line":16,"column":4}},{"start":{"line":16,"column":4},"end":{"line":16,"column":4}}]},"4":{"line":29,"type":"binary-expr","locations":[{"start":{"line":29,"column":11},"end":{"line":29,"column":37}},{"start":{"line":30,"column":8},"end":{"line":30,"column":37}}]},"5":{"line":45,"type":"if","locations":[{"start":{"line":45,"column":8},"end":{"line":45,"column":8}},{"start":{"line":45,"column":8},"end":{"line":45,"column":8}}]},"6":{"line":54,"type":"if","locations":[{"start":{"line":54,"column":8},"end":{"line":54,"column":8}},{"start":{"line":54,"column":8},"end":{"line":54,"column":8}}]},"7":{"line":62,"type":"if","locations":[{"start":{"line":62,"column":4},"end":{"line":62,"column":4}},{"start":{"line":62,"column":4},"end":{"line":62,"column":4}}]},"8":{"line":69,"type":"if","locations":[{"start":{"line":69,"column":8},"end":{"line":69,"column":8}},{"start":{"line":69,"column":8},"end":{"line":69,"column":8}}]},"9":{"line":71,"type":"if","locations":[{"start":{"line":71,"column":12},"end":{"line":71,"column":12}},{"start":{"line":71,"column":12},"end":{"line":71,"column":12}}]},"10":{"line":78,"type":"switch","locations":[{"start":{"line":79,"column":8},"end":{"line":81,"column":18}},{"start":{"line":83,"column":8},"end":{"line":85,"column":18}},{"start":{"line":87,"column":8},"end":{"line":90,"column":18}},{"start":{"line":92,"column":8},"end":{"line":94,"column":18}},{"start":{"line":96,"column":8},"end":{"line":98,"column":18}},{"start":{"line":100,"column":8},"end":{"line":106,"column":18}},{"start":{"line":108,"column":8},"end":{"line":114,"column":18}},{"start":{"line":116,"column":8},"end":{"line":128,"column":18}},{"start":{"line":130,"column":8},"end":{"line":151,"column":18}},{"start":{"line":153,"column":8},"end":{"line":155,"column":18}},{"start":{"line":157,"column":8},"end":{"line":158,"column":18}},{"start":{"line":160,"column":8},"end":{"line":175,"column":18}},{"start":{"line":177,"column":8},"end":{"line":187,"column":18}},{"start":{"line":189,"column":8},"end":{"line":196,"column":18}},{"start":{"line":198,"column":8},"end":{"line":213,"column":18}},{"start":{"line":215,"column":8},"end":{"line":224,"column":18}},{"start":{"line":226,"column":8},"end":{"line":236,"column":18}},{"start":{"line":238,"column":8},"end":{"line":246,"column":18}},{"start":{"line":248,"column":8},"end":{"line":256,"column":18}},{"start":{"line":258,"column":8},"end":{"line":262,"column":18}},{"start":{"line":264,"column":8},"end":{"line":265,"column":51}}]},"11":{"line":93,"type":"cond-expr","locations":[{"start":{"line":93,"column":31},"end":{"line":93,"column":35}},{"start":{"line":93,"column":38},"end":{"line":93,"column":43}}]},"12":{"line":97,"type":"cond-expr","locations":[{"start":{"line":97,"column":31},"end":{"line":97,"column":39}},{"start":{"line":97,"column":42},"end":{"line":97,"column":51}}]},"13":{"line":101,"type":"if","locations":[{"start":{"line":101,"column":12},"end":{"line":101,"column":12}},{"start":{"line":101,"column":12},"end":{"line":101,"column":12}}]},"14":{"line":109,"type":"if","locations":[{"start":{"line":109,"column":12},"end":{"line":109,"column":12}},{"start":{"line":109,"column":12},"end":{"line":109,"column":12}}]},"15":{"line":109,"type":"binary-expr","locations":[{"start":{"line":109,"column":16},"end":{"line":109,"column":24}},{"start":{"line":109,"column":28},"end":{"line":109,"column":40}}]},"16":{"line":111,"type":"if","locations":[{"start":{"line":111,"column":19},"end":{"line":111,"column":19}},{"start":{"line":111,"column":19},"end":{"line":111,"column":19}}]},"17":{"line":111,"type":"binary-expr","locations":[{"start":{"line":111,"column":23},"end":{"line":111,"column":32}},{"start":{"line":111,"column":36},"end":{"line":111,"column":47}}]},"18":{"line":117,"type":"if","locations":[{"start":{"line":117,"column":12},"end":{"line":117,"column":12}},{"start":{"line":117,"column":12},"end":{"line":117,"column":12}}]},"19":{"line":118,"type":"if","locations":[{"start":{"line":118,"column":16},"end":{"line":118,"column":16}},{"start":{"line":118,"column":16},"end":{"line":118,"column":16}}]},"20":{"line":118,"type":"binary-expr","locations":[{"start":{"line":118,"column":22},"end":{"line":118,"column":34}},{"start":{"line":118,"column":38},"end":{"line":118,"column":73}}]},"21":{"line":121,"type":"if","locations":[{"start":{"line":121,"column":16},"end":{"line":121,"column":16}},{"start":{"line":121,"column":16},"end":{"line":121,"column":16}}]},"22":{"line":131,"type":"if","locations":[{"start":{"line":131,"column":12},"end":{"line":131,"column":12}},{"start":{"line":131,"column":12},"end":{"line":131,"column":12}}]},"23":{"line":132,"type":"if","locations":[{"start":{"line":132,"column":16},"end":{"line":132,"column":16}},{"start":{"line":132,"column":16},"end":{"line":132,"column":16}}]},"24":{"line":133,"type":"if","locations":[{"start":{"line":133,"column":20},"end":{"line":133,"column":20}},{"start":{"line":133,"column":20},"end":{"line":133,"column":20}}]},"25":{"line":133,"type":"binary-expr","locations":[{"start":{"line":133,"column":24},"end":{"line":133,"column":36}},{"start":{"line":134,"column":25},"end":{"line":134,"column":60}}]},"26":{"line":144,"type":"if","locations":[{"start":{"line":144,"column":16},"end":{"line":144,"column":16}},{"start":{"line":144,"column":16},"end":{"line":144,"column":16}}]},"27":{"line":145,"type":"if","locations":[{"start":{"line":145,"column":20},"end":{"line":145,"column":20}},{"start":{"line":145,"column":20},"end":{"line":145,"column":20}}]},"28":{"line":162,"type":"if","locations":[{"start":{"line":162,"column":12},"end":{"line":162,"column":12}},{"start":{"line":162,"column":12},"end":{"line":162,"column":12}}]},"29":{"line":162,"type":"binary-expr","locations":[{"start":{"line":162,"column":16},"end":{"line":162,"column":36}},{"start":{"line":163,"column":16},"end":{"line":163,"column":43}}]},"30":{"line":164,"type":"if","locations":[{"start":{"line":164,"column":16},"end":{"line":164,"column":16}},{"start":{"line":164,"column":16},"end":{"line":164,"column":16}}]},"31":{"line":168,"type":"if","locations":[{"start":{"line":168,"column":12},"end":{"line":168,"column":12}},{"start":{"line":168,"column":12},"end":{"line":168,"column":12}}]},"32":{"line":178,"type":"if","locations":[{"start":{"line":178,"column":12},"end":{"line":178,"column":12}},{"start":{"line":178,"column":12},"end":{"line":178,"column":12}}]},"33":{"line":190,"type":"if","locations":[{"start":{"line":190,"column":12},"end":{"line":190,"column":12}},{"start":{"line":190,"column":12},"end":{"line":190,"column":12}}]},"34":{"line":199,"type":"cond-expr","locations":[{"start":{"line":199,"column":51},"end":{"line":199,"column":55}},{"start":{"line":199,"column":58},"end":{"line":199,"column":62}}]},"35":{"line":200,"type":"if","locations":[{"start":{"line":200,"column":12},"end":{"line":200,"column":12}},{"start":{"line":200,"column":12},"end":{"line":200,"column":12}}]},"36":{"line":202,"type":"if","locations":[{"start":{"line":202,"column":16},"end":{"line":202,"column":16}},{"start":{"line":202,"column":16},"end":{"line":202,"column":16}}]},"37":{"line":202,"type":"binary-expr","locations":[{"start":{"line":202,"column":20},"end":{"line":202,"column":34}},{"start":{"line":202,"column":38},"end":{"line":202,"column":49}}]},"38":{"line":217,"type":"if","locations":[{"start":{"line":217,"column":12},"end":{"line":217,"column":12}},{"start":{"line":217,"column":12},"end":{"line":217,"column":12}}]},"39":{"line":227,"type":"cond-expr","locations":[{"start":{"line":227,"column":37},"end":{"line":227,"column":59}},{"start":{"line":227,"column":62},"end":{"line":227,"column":64}}]},"40":{"line":228,"type":"if","locations":[{"start":{"line":228,"column":12},"end":{"line":228,"column":12}},{"start":{"line":228,"column":12},"end":{"line":228,"column":12}}]},"41":{"line":228,"type":"binary-expr","locations":[{"start":{"line":228,"column":16},"end":{"line":228,"column":37}},{"start":{"line":228,"column":41},"end":{"line":228,"column":65}}]},"42":{"line":240,"type":"if","locations":[{"start":{"line":240,"column":12},"end":{"line":240,"column":12}},{"start":{"line":240,"column":12},"end":{"line":240,"column":12}}]},"43":{"line":250,"type":"if","locations":[{"start":{"line":250,"column":12},"end":{"line":250,"column":12}},{"start":{"line":250,"column":12},"end":{"line":250,"column":12}}]},"44":{"line":250,"type":"binary-expr","locations":[{"start":{"line":250,"column":16},"end":{"line":250,"column":24}},{"start":{"line":250,"column":28},"end":{"line":250,"column":40}}]},"45":{"line":252,"type":"if","locations":[{"start":{"line":252,"column":19},"end":{"line":252,"column":19}},{"start":{"line":252,"column":19},"end":{"line":252,"column":19}}]},"46":{"line":252,"type":"binary-expr","locations":[{"start":{"line":252,"column":23},"end":{"line":252,"column":32}},{"start":{"line":252,"column":36},"end":{"line":252,"column":47}}]},"47":{"line":269,"type":"if","locations":[{"start":{"line":269,"column":4},"end":{"line":269,"column":4}},{"start":{"line":269,"column":4},"end":{"line":269,"column":4}}]},"48":{"line":281,"type":"binary-expr","locations":[{"start":{"line":281,"column":17},"end":{"line":281,"column":24}},{"start":{"line":281,"column":28},"end":{"line":281,"column":30}}]}},"code":["\"use strict\";","","var escapeXml = require('./common').escapeXml;","","// Helper function to produce an HTML tag.","var tag = function(name, attrs, selfclosing) {","    var result = '<' + name;","    if (attrs && attrs.length > 0) {","        var i = 0;","        var attrib;","        while ((attrib = attrs[i]) !== undefined) {","            result += ' ' + attrib[0] + '=\"' + attrib[1] + '\"';","            i++;","        }","    }","    if (selfclosing) {","        result += ' /';","    }","","    result += '>';","    return result;","};","","var reHtmlTag = /\\<[^>]*\\>/;","var reUnsafeProtocol = /^javascript:|vbscript:|file:|data:/i;","var reSafeDataProtocol = /^data:image\\/(?:png|gif|jpeg|webp)/i;","","var potentiallyUnsafe = function(url) {","    return reUnsafeProtocol.test(url) &&","        !reSafeDataProtocol.test(url);","};","","var renderNodes = function(block) {","","    var attrs;","    var info_words;","    var tagname;","    var walker = block.walker();","    var event, node, entering;","    var buffer = \"\";","    var lastOut = \"\\n\";","    var disableTags = 0;","    var grandparent;","    var out = function(s) {","        if (disableTags > 0) {","            buffer += s.replace(reHtmlTag, '');","        } else {","            buffer += s;","        }","        lastOut = s;","    };","    var esc = this.escape;","    var cr = function() {","        if (lastOut !== '\\n') {","            buffer += '\\n';","            lastOut = '\\n';","        }","    };","","    var options = this.options;","","    if (options.time) { console.time(\"rendering\"); }","","    while ((event = walker.next())) {","        entering = event.entering;","        node = event.node;","","        attrs = [];","        if (options.sourcepos) {","            var pos = node.sourcepos;","            if (pos) {","                attrs.push(['data-sourcepos', String(pos[0][0]) + ':' +","                            String(pos[0][1]) + '-' + String(pos[1][0]) + ':' +","                            String(pos[1][1])]);","            }","        }","","        switch (node.type) {","        case 'text':","            out(esc(node.literal, false));","            break;","","        case 'softbreak':","            out(this.softbreak);","            break;","","        case 'linebreak':","            out(tag('br', [], true));","            cr();","            break;","","        case 'emph':","            out(tag(entering ? 'em' : '/em'));","            break;","","        case 'strong':","            out(tag(entering ? 'strong' : '/strong'));","            break;","","        case 'html_inline':","            if (options.safe) {","                out('<!-- raw HTML omitted -->');","            } else {","                out(node.literal);","            }","            break;","","        case 'custom_inline':","            if (entering && node.onEnter) {","                out(node.onEnter);","            } else if (!entering && node.onExit) {","                out(node.onExit);","            }","            break;","","        case 'link':","            if (entering) {","                if (!(options.safe && potentiallyUnsafe(node.destination))) {","                    attrs.push(['href', esc(node.destination, true)]);","                }","                if (node.title) {","                    attrs.push(['title', esc(node.title, true)]);","                }","                out(tag('a', attrs));","            } else {","                out(tag('/a'));","            }","            break;","","        case 'image':","            if (entering) {","                if (disableTags === 0) {","                    if (options.safe &&","                         potentiallyUnsafe(node.destination)) {","                        out('<img src=\"\" alt=\"');","                    } else {","                        out('<img src=\"' + esc(node.destination, true) +","                            '\" alt=\"');","                    }","                }","                disableTags += 1;","            } else {","                disableTags -= 1;","                if (disableTags === 0) {","                    if (node.title) {","                        out('\" title=\"' + esc(node.title, true));","                    }","                    out('\" />');","                }","            }","            break;","","        case 'code':","            out(tag('code') + esc(node.literal, false) + tag('/code'));","            break;","","        case 'document':","            break;","","        case 'paragraph':","            grandparent = node.parent.parent;","            if (grandparent !== null &&","                grandparent.type === 'list') {","                if (grandparent.listTight) {","                    break;","                }","            }","            if (entering) {","                cr();","                out(tag('p', attrs));","            } else {","                out(tag('/p'));","                cr();","            }","            break;","","        case 'block_quote':","            if (entering) {","                cr();","                out(tag('blockquote', attrs));","                cr();","            } else {","                cr();","                out(tag('/blockquote'));","                cr();","            }","            break;","","        case 'item':","            if (entering) {","                out(tag('li', attrs));","            } else {","                out(tag('/li'));","                cr();","            }","            break;","","        case 'list':","            tagname = node.listType === 'bullet' ? 'ul' : 'ol';","            if (entering) {","                var start = node.listStart;","                if (start !== null && start !== 1) {","                    attrs.push(['start', start.toString()]);","                }","                cr();","                out(tag(tagname, attrs));","                cr();","            } else {","                cr();","                out(tag('/' + tagname));","                cr();","            }","            break;","","        case 'heading':","            tagname = 'h' + node.level;","            if (entering) {","                cr();","                out(tag(tagname, attrs));","            } else {","                out(tag('/' + tagname));","                cr();","            }","            break;","","        case 'code_block':","            info_words = node.info ? node.info.split(/\\s+/) : [];","            if (info_words.length > 0 && info_words[0].length > 0) {","                attrs.push(['class', 'language-' + esc(info_words[0], true)]);","            }","            cr();","            out(tag('pre') + tag('code', attrs));","            out(esc(node.literal, false));","            out(tag('/code') + tag('/pre'));","            cr();","            break;","","        case 'html_block':","            cr();","            if (options.safe) {","                out('<!-- raw HTML omitted -->');","            } else {","                out(node.literal);","            }","            cr();","            break;","","        case 'custom_block':","            cr();","            if (entering && node.onEnter) {","                out(node.onEnter);","            } else if (!entering && node.onExit) {","                out(node.onExit);","            }","            cr();","            break;","","        case 'thematic_break':","            cr();","            out(tag('hr', attrs, true));","            cr();","            break;","","        default:","            throw \"Unknown node type \" + node.type;","        }","","    }","    if (options.time) { console.timeEnd(\"rendering\"); }","    return buffer;","};","","// The HtmlRenderer object.","function HtmlRenderer(options){","    return {","        // default options:","        softbreak: '\\n', // by default, soft breaks are rendered as newlines in HTML","        // set to \"<br />\" to make them hard breaks","        // set to \" \" if you want to ignore line wrapping in source","        escape: escapeXml,","        options: options || {},","        render: renderNodes","    };","}","","module.exports = HtmlRenderer;",""],"l":{"3":1,"6":1,"7":0,"8":0,"9":0,"10":0,"11":0,"12":0,"13":0,"16":0,"17":0,"20":0,"21":0,"24":1,"25":1,"26":1,"28":1,"29":0,"33":1,"35":0,"36":0,"37":0,"38":0,"39":0,"40":0,"41":0,"42":0,"43":0,"44":0,"45":0,"46":0,"48":0,"50":0,"52":0,"53":0,"54":0,"55":0,"56":0,"60":0,"62":0,"64":0,"65":0,"66":0,"68":0,"69":0,"70":0,"71":0,"72":0,"78":0,"80":0,"81":0,"84":0,"85":0,"88":0,"89":0,"90":0,"93":0,"94":0,"97":0,"98":0,"101":0,"102":0,"104":0,"106":0,"109":0,"110":0,"111":0,"112":0,"114":0,"117":0,"118":0,"119":0,"121":0,"122":0,"124":0,"126":0,"128":0,"131":0,"132":0,"133":0,"135":0,"137":0,"141":0,"143":0,"144":0,"145":0,"146":0,"148":0,"151":0,"154":0,"155":0,"158":0,"161":0,"162":0,"164":0,"165":0,"168":0,"169":0,"170":0,"172":0,"173":0,"175":0,"178":0,"179":0,"180":0,"181":0,"183":0,"184":0,"185":0,"187":0,"190":0,"191":0,"193":0,"194":0,"196":0,"199":0,"200":0,"201":0,"202":0,"203":0,"205":0,"206":0,"207":0,"209":0,"210":0,"211":0,"213":0,"216":0,"217":0,"218":0,"219":0,"221":0,"222":0,"224":0,"227":0,"228":0,"229":0,"231":0,"232":0,"233":0,"234":0,"235":0,"236":0,"239":0,"240":0,"241":0,"243":0,"245":0,"246":0,"249":0,"250":0,"251":0,"252":0,"253":0,"255":0,"256":0,"259":0,"260":0,"261":0,"262":0,"265":0,"269":0,"270":0,"274":1,"275":0,"286":1}}}